[{"date":"2022-04-11T21:20:46.103Z","featureName":"[OMSMEDB-11] Android Dashboard - Accounts List","index":"[omsmedb-11]-android-dashboard---accounts-list;ac1---page-content","scenarioName":"AC1 - Page Content","status":"passed"},
{"date":"2022-04-11T21:21:55.804Z","featureName":"[OMSMEDB-12] Android Pin Account as favorite","index":"[omsmedb-12]-android-pin-account-as-favorite;ac1---account-list-screen---pin-to-favorite-list","scenarioName":"AC1 - Account List screen - Pin to favorite list","status":"passed"},
{"date":"2022-04-11T21:22:56.711Z","featureName":"[OMSMEDB-12] Android Pin Account as favorite","index":"[omsmedb-12]-android-pin-account-as-favorite;ac2---account-list-screen---remove-from-favorite-list","scenarioName":"AC2 - Account List screen - Remove from favorite list","status":"passed"},
{"date":"2022-04-11T21:23:52.228Z","featureName":"[OMSMEDB-14] Android Accounts List - Search","index":"[omsmedb-14]-android-accounts-list---search;ac1---search-icon--search-criteria-and-no-results-found","scenarioName":"AC1 - Search icon, Search criteria and No Results Found","status":"passed"},
{"date":"2022-04-11T21:24:52.459Z","featureName":"[OMSMEDB-15] Android Account Details","index":"[omsmedb-15]-android-account-details;ac1---page-content","scenarioName":"AC1 - Page Content","status":"passed"},
{"date":"2022-04-11T21:25:46.343Z","featureName":"[OMSMEDB-72] Android Accounts list and Transactions list - Balance trend","index":"[omsmedb-72]-android-accounts-list-and-transactions-list---balance-trend;ac2---transactions-list---balance-trend","scenarioName":"AC2 - Transactions list - Balance trend","status":"passed"},
{"date":"2022-04-11T21:26:37.263Z","featureName":"[OMSMEDB-50] Android Cards List - Lock\\Unlock Cards","index":"[omsmedb-50]-android-cards-list---lock\\unlock-cards;ac1---lock\\unlock-card","scenarioName":"AC1 - Lock\\Unlock Card","status":"failed"},
{"date":"2022-04-11T21:28:25.815Z","featureName":"[OMSMEDB-167] Android Digital Documentation - Onboarding","index":"[omsmedb-167]-android-digital-documentation---onboarding;ac1---contracts-page-content","scenarioName":"AC1 - Contracts Page Content","status":"passed"},
{"date":"2022-04-11T21:29:24.691Z","featureName":"[OMSMEDB-235] Android Digital Documentation - Filtro de opções","index":"[omsmedb-235]-android-digital-documentation---filtro-de-opções;ac1----page-content","scenarioName":"AC1 -  Page Content","status":"passed"},
{"date":"2022-04-11T21:30:22.661Z","featureName":"[OMSMEDB-240] Android Digital Documentation - Statements","index":"[omsmedb-240]-android-digital-documentation---statements;ac1---page-content","scenarioName":"AC1 - Page Content","status":"passed"},
{"date":"2022-04-11T21:31:17.854Z","featureName":"[OMSMEDB-122] Android Tab Menu","index":"[omsmedb-122]-android-tab-menu;ac1--ac2--ac3-and-ac4---page-content","scenarioName":"AC1, AC2, AC3 and AC4 - Page Content","status":"passed"},
{"date":"2022-04-11T21:32:28.302Z","featureName":"[OMSMEDB-454] Android Payments - One-off and Recurrent Payments List","index":"[omsmedb-454]-android-payments---one-off-and-recurrent-payments-list;ac1---one-off-payments-list","scenarioName":"AC1 - One-off payments list","status":"passed"},
{"date":"2022-04-11T21:33:25.512Z","featureName":"[OMSMEDB-454] Android Payments - One-off and Recurrent Payments List","index":"[omsmedb-454]-android-payments---one-off-and-recurrent-payments-list;ac2---recurrent-payments-list","scenarioName":"AC2 - Recurrent payments list","status":"passed"},
{"date":"2022-04-11T21:34:20.054Z","featureName":"[OMSMEDB-1064] Android Payments - Select New Payment","index":"[omsmedb-1064]-android-payments---select-new-payment;ac1---page-content-validations","scenarioName":"AC1 - Page Content Validations","status":"passed"},
{"date":"2022-04-11T21:35:15.306Z","featureName":"[OMSMEDB-823] - Android Payments - List Search","index":"[omsmedb-823]---android-payments---list-search;ac1---search-icon","scenarioName":"AC1 - Search icon","status":"failed"},
{"date":"2022-04-11T21:37:11.624Z","featureName":"[OMSMEDB-466] Android Service Payment - Confirmation\\Failure Payment Screen","index":"[omsmedb-466]-android-service-payment---confirmation\\failure-payment-screen;ac1---authentication-required---confirmation-screen","scenarioName":"AC1 - Authentication required - Confirmation Screen","status":"failed"},
{"date":"2022-04-11T21:38:20.898Z","featureName":"[OMSMEDB-732] Android Service Payment - Payment Detail","index":"[omsmedb-732]-android-service-payment---payment-detail;ac1---page-content-validations","scenarioName":"AC1 - Page Content Validations","status":"failed"},
{"date":"2022-04-11T21:39:32.203Z","featureName":"[OMSMEDB-732] Android Service Payment - Payment Detail","index":"[omsmedb-732]-android-service-payment---payment-detail;ac2---authentication-required---cancel-action","scenarioName":"AC2 - Authentication required - Cancel action","status":"failed"},
{"date":"2022-04-11T21:40:45.269Z","featureName":"[OMSMEDB-732] Android Service Payment - Payment Detail","index":"[omsmedb-732]-android-service-payment---payment-detail;ac3---authentication-required---failed-validation","scenarioName":"AC3 - Authentication required - failed validation","status":"failed"},
{"date":"2022-04-11T21:41:56.402Z","featureName":"[OMSMEDB-732] Android Service Payment - Payment Detail","index":"[omsmedb-732]-android-service-payment---payment-detail;ac4---authentication-required---failed-attempts","scenarioName":"AC4 - Authentication required - failed attempts","status":"failed"},
{"date":"2022-04-11T21:43:05.838Z","featureName":"[OMSMEDB-1078] Android Service Payment - From Account Screen","index":"[omsmedb-1078]-android-service-payment---from-account-screen;ac1---from-accounts-list","scenarioName":"AC1 - From Accounts List","status":"passed"},
{"date":"2022-04-11T21:44:04.009Z","featureName":"[OMSMEDB-1078] Android Service Payment - From Account Screen","index":"[omsmedb-1078]-android-service-payment---from-account-screen;ac3---discard-action---confirm","scenarioName":"AC3 - Discard Action - Confirm","status":"passed"},
{"date":"2022-04-11T21:45:08.839Z","featureName":"[OMSMEDB-1078] Android Service Payment - From Account Screen","index":"[omsmedb-1078]-android-service-payment---from-account-screen;ac4---discard-action---cancel","scenarioName":"AC4 - Discard Action - Cancel","status":"passed"},
{"date":"2022-04-11T21:46:11.653Z","featureName":"[OMSMEDB-1078] Android Service Payment - From Account Screen","index":"[omsmedb-1078]-android-service-payment---from-account-screen;ac5---search-action","scenarioName":"AC5 - Search Action","status":"failed"},
{"date":"2022-04-11T21:48:14.185Z","featureName":"[OMSMEDB-1079] Android Service Payment - Execution Detail","index":"[omsmedb-1079]-android-service-payment---execution-detail;ac1---page-content-validations","scenarioName":"AC1 - Page Content Validations","status":"passed"},
{"date":"2022-04-11T21:49:18.197Z","featureName":"[OMSMEDB-1082] Android Service Payment - Payment Detail","index":"[omsmedb-1082]-android-service-payment---payment-detail;ac1---from-accounts-list","scenarioName":"AC1 - From Accounts List","status":"passed"},
{"date":"2022-04-11T21:50:28.642Z","featureName":"[OMSMEDB-1446] Android Service Payment - Service provider name","index":"[omsmedb-1446]-android-service-payment---service-provider-name;ac1---entity---service-provider-name-retrieved-from-cgd","scenarioName":"AC1 - Entity - Service provider name retrieved from CGD","status":"failed"},
{"date":"2022-04-11T21:52:33.213Z","featureName":"[OMSMEDB-1446] Android Service Payment - Service provider name","index":"[omsmedb-1446]-android-service-payment---service-provider-name;ac2---entity---service-provider-name-not-retrieved-from-cgd","scenarioName":"AC2 - Entity - Service provider name not retrieved from CGD","status":"passed"},
{"date":"2022-04-11T21:54:44.884Z","featureName":"[OMSMEDB-42] Android Social Security Payment - From Account screen","index":"[omsmedb-42]-android-social-security-payment---from-account-screen;ac3---discard-action---confirm","scenarioName":"AC3 - Discard Action - Confirm","status":"passed"},
{"date":"2022-04-11T21:55:44.973Z","featureName":"[OMSMEDB-44] - Android Social Security Payment - Payment Details","index":"[omsmedb-44]---android-social-security-payment---payment-details;ac1---page-content-validations","scenarioName":"AC1 - Page Content Validations","status":"failed"},
{"date":"2022-04-11T21:56:57.756Z","featureName":"[OMSMEDB-45] Android Social Security Payment - Review Payment Screen","index":"[omsmedb-45]-android-social-security-payment---review-payment-screen;ac1---page-content-validations-and-payment-cancellation","scenarioName":"AC1 - Page Content Validations and Payment Cancellation","status":"failed"},
{"date":"2022-04-11T21:58:10.911Z","featureName":"[OMSMEDB-45] Android Social Security Payment - Review Payment Screen","index":"[omsmedb-45]-android-social-security-payment---review-payment-screen;ac2---page-content-validations-and-return-back","scenarioName":"AC2 - Page Content Validations and Return Back","status":"failed"},
{"date":"2022-04-11T21:59:25.768Z","featureName":"[OMSMEDB-280] - Android Social Security Payments - Payment Execution Details","index":"[omsmedb-280]---android-social-security-payments---payment-execution-details;ac1---page-content-validations","scenarioName":"AC1 - Page Content Validations","status":"failed"},
{"date":"2022-04-11T22:00:40.443Z","featureName":"[OMSMEDB-1181] Android State Payment - Payment Details","index":"[omsmedb-1181]-android-state-payment---payment-details;ac1---page-content-validations","scenarioName":"AC1 - Page Content Validations","status":"passed"},
{"date":"2022-04-11T22:01:45.279Z","featureName":"[OMSMEDB-1182] Android State Payment - From Account screen","index":"[omsmedb-1182]-android-state-payment---from-account-screen;ac1---from-accounts-list","scenarioName":"AC1 - From Accounts List","status":"passed"},
{"date":"2022-04-11T22:02:44.958Z","featureName":"[OMSMEDB-1182] Android State Payment - From Account screen","index":"[omsmedb-1182]-android-state-payment---from-account-screen;ac2---discard-action---confirm","scenarioName":"AC2 - Discard Action - Confirm","status":"passed"},
{"date":"2022-04-11T22:03:47.151Z","featureName":"[OMSMEDB-1182] Android State Payment - From Account screen","index":"[omsmedb-1182]-android-state-payment---from-account-screen;ac3---discard-action---cancel","scenarioName":"AC3 - Discard Action - Cancel","status":"passed"},
{"date":"2022-04-11T22:04:49.729Z","featureName":"[OMSMEDB-1182] Android State Payment - From Account screen","index":"[omsmedb-1182]-android-state-payment---from-account-screen;ac4---search-action","scenarioName":"AC4 - Search Action","status":"failed"},
{"date":"2022-04-11T22:06:59.137Z","featureName":"[OMSMEDB-1183] Android - State Payment - Execution  Details","index":"[omsmedb-1183]-android---state-payment---execution--details;ac1---page-content-validations","scenarioName":"AC1 - Page Content Validations","status":"failed"},
{"date":"2022-04-11T22:07:59.996Z","featureName":"[OMSMEDB-1184] Android State Payment - Review Screen","index":"[omsmedb-1184]-android-state-payment---review-screen;ac1---page-content-validations","scenarioName":"AC1 - Page Content Validations","status":"failed"},
{"date":"2022-04-11T22:09:08.368Z","featureName":"[OMSMEDB-1184] Android State Payment - Review Screen","index":"[omsmedb-1184]-android-state-payment---review-screen;ac2---authentication-required---cancel-action","scenarioName":"AC2 - Authentication required - Cancel action","status":"failed"},
{"date":"2022-04-11T22:10:14.903Z","featureName":"[OMSMEDB-1184] Android State Payment - Review Screen","index":"[omsmedb-1184]-android-state-payment---review-screen;ac3---authentication-required---failed-validation","scenarioName":"AC3 - Authentication required - failed validation","status":"failed"},
{"date":"2022-04-11T22:11:20.005Z","featureName":"[OMSMEDB-1184] Android State Payment - Review Screen","index":"[omsmedb-1184]-android-state-payment---review-screen;ac4---authentication-required---failed-attempts","scenarioName":"AC4 - Authentication required - failed attempts","status":"failed"},
{"date":"2022-04-11T22:12:28.400Z","featureName":"[OMSMEDB-1372] Android State Payment \u2013 Executed Payment Details screen","index":"[omsmedb-1372]-android-state-payment-\u2013-executed-payment-details-screen;ac1---one-off-payments-list","scenarioName":"AC1 - One-off payments list","status":"failed"},
{"date":"2022-04-11T22:13:29.518Z","featureName":"[OMSMEDB-1677] Android State Payment - Payment Details Retrieve Tax Type","index":"[omsmedb-1677]-android-state-payment---payment-details-retrieve-tax-type;ac1---payment-reference---tax-type-retrieved-from-cgd","scenarioName":"AC1 - Payment reference - Tax type retrieved from CGD","status":"failed"},
{"date":"2022-04-11T22:14:33.583Z","featureName":"[OMSMEDB-1677] Android State Payment - Payment Details Retrieve Tax Type","index":"[omsmedb-1677]-android-state-payment---payment-details-retrieve-tax-type;ac2---payment-reference---tax-type-not-retrieved-from-cgd","scenarioName":"AC2 - Payment reference - Tax type not retrieved from CGD","status":"passed"},
{"date":"2022-04-11T22:15:40.303Z","featureName":"[OMSMEDB-16] Android Transaction List Screen","index":"[omsmedb-16]-android-transaction-list-screen;ac1---page-content","scenarioName":"AC1 - Page Content","status":"passed"},
{"date":"2022-04-11T22:16:39.938Z","featureName":"[OMSMEDB-80] Android Transfers - One-off Transfer Details screen","index":"[omsmedb-80]-android-transfers---one-off-transfer-details-screen;ac1---page-content---one-off","scenarioName":"AC1 - Page Content - One-off","status":"failed"},
{"date":"2022-04-11T22:23:43.801Z","featureName":"[OMSMEDB-81] Android Transfers - Standing orders Details screen","index":"[omsmedb-81]-android-transfers---standing-orders-details-screen;ac1---page-content---standing","scenarioName":"AC1 - Page Content - Standing","status":"passed"},
{"date":"2022-04-11T22:24:41.274Z","featureName":"[OMSMEDB-31] Android Domestic Transfer - Select New Payment","index":"[omsmedb-31]-android-domestic-transfer---select-new-payment;ac1---new-payment","scenarioName":"AC1 - New Payment","status":"failed"},
{"date":"2022-04-11T22:25:34.786Z","featureName":"[OMSMEDB-32] Android Domestic Transfer - From Account screen","index":"[omsmedb-32]-android-domestic-transfer---from-account-screen;ac1---from-accounts-list","scenarioName":"AC1 - From Accounts List","status":"failed"},
{"date":"2022-04-11T22:26:27.881Z","featureName":"[OMSMEDB-32] Android Domestic Transfer - From Account screen","index":"[omsmedb-32]-android-domestic-transfer---from-account-screen;ac2---discard-action","scenarioName":"AC2 - Discard Action","status":"failed"},
{"date":"2022-04-11T22:27:19.546Z","featureName":"[OMSMEDB-32] Android Domestic Transfer - From Account screen","index":"[omsmedb-32]-android-domestic-transfer---from-account-screen;ac3---search-action","scenarioName":"AC3 - Search Action","status":"failed"},
{"date":"2022-04-11T22:29:14.005Z","featureName":"[OMSMEDB-33] Android Domestic Transfer - Confirmation\\Failure Payment Screen","index":"[omsmedb-33]-android-domestic-transfer---confirmation\\failure-payment-screen;ac1---confirmation-screen","scenarioName":"AC1 - Confirmation Screen","status":"failed"},
{"date":"2022-04-11T22:30:06.113Z","featureName":"[OMSMEDB-34] Android Domestic Transfer - Select Beneficiary screen","index":"[omsmedb-34]-android-domestic-transfer---select-beneficiary-screen;ac1---beneficiaries-list","scenarioName":"AC1 - Beneficiaries List","status":"passed"},
{"date":"2022-04-11T22:31:01.166Z","featureName":"[OMSMEDB-34] Android Domestic Transfer - Select Beneficiary screen","index":"[omsmedb-34]-android-domestic-transfer---select-beneficiary-screen;ac3---discard-action","scenarioName":"AC3 - Discard Action","status":"passed"},
{"date":"2022-04-11T22:32:00.804Z","featureName":"[OMSMEDB-34] Android Domestic Transfer - Select Beneficiary screen","index":"[omsmedb-34]-android-domestic-transfer---select-beneficiary-screen;ac4---search-action","scenarioName":"AC4 - Search Action","status":"failed"},
{"date":"2022-04-11T22:33:59.787Z","featureName":"[OMSMEDB-35] Android Domestic Transfer - Payment Details","index":"[omsmedb-35]-android-domestic-transfer---payment-details;ac1---page-content-validations","scenarioName":"AC1 - Page Content Validations","status":"failed"},
{"date":"2022-04-11T22:34:51.780Z","featureName":"[OMSMEDB-36] Android Domestic Transfer - Review Payment Screen","index":"[omsmedb-36]-android-domestic-transfer---review-payment-screen;ac1---page-content-validations","scenarioName":"AC1 - Page Content Validations","status":"failed"},
{"date":"2022-04-11T22:35:51.539Z","featureName":"[OMSMEDB-37] Android Domestic Transfer - Add Beneficiary to the list","index":"[omsmedb-37]-android-domestic-transfer---add-beneficiary-to-the-list;ac1---save-beneficiary-in-the-list","scenarioName":"AC1 - Save Beneficiary in the list","status":"failed"},
{"date":"2022-04-11T22:37:57.110Z","featureName":"[OMSMEDB-37] Android Domestic Transfer - Add Beneficiary to the list","index":"[omsmedb-37]-android-domestic-transfer---add-beneficiary-to-the-list;ac2---do-not-save-beneficiary-in-the-list","scenarioName":"AC2 - Do Not Save Beneficiary in the list","status":"failed"},
{"date":"2022-04-11T22:40:00.781Z","featureName":"[OMSMEDB-147] Android Domestic Transfer - Execution Details","index":"[omsmedb-147]-android-domestic-transfer---execution-details;ac1---page-content-validations","scenarioName":"AC1 - Page Content Validations","status":"failed"},
{"date":"2022-04-11T22:40:54.413Z","featureName":"[OMSMEDB-150] Android International Transfer - From Account screen","index":"[omsmedb-150]-android-international-transfer---from-account-screen;ac1---from-accounts-list","scenarioName":"AC1 - From Accounts List","status":"failed"},
{"date":"2022-04-11T22:41:47.844Z","featureName":"[OMSMEDB-150] Android International Transfer - From Account screen","index":"[omsmedb-150]-android-international-transfer---from-account-screen;ac2---discard-action-(yes)","scenarioName":"AC2 - Discard Action (Yes)","status":"failed"},
{"date":"2022-04-11T22:42:43.377Z","featureName":"[OMSMEDB-150] Android International Transfer - From Account screen","index":"[omsmedb-150]-android-international-transfer---from-account-screen;ac3---discard-action-(no)","scenarioName":"AC3 - Discard Action (No)","status":"failed"},
{"date":"2022-04-11T22:43:41.904Z","featureName":"[OMSMEDB-150] Android International Transfer - From Account screen","index":"[omsmedb-150]-android-international-transfer---from-account-screen;ac4---search-action","scenarioName":"AC4 - Search Action","status":"failed"},
{"date":"2022-04-11T22:44:37.936Z","featureName":"[OMSMEDB-153] Android International Transfer - Add Beneficiary to the list","index":"[omsmedb-153]-android-international-transfer---add-beneficiary-to-the-list;ac1---pay-new-beneficiary-and-do-not-add-it-to-the-list","scenarioName":"AC1 - Pay new Beneficiary and do not add it to the list","status":"failed"},
{"date":"2022-04-11T22:45:35.254Z","featureName":"[OMSMEDB-155] Android International Transfer - Payment Execution Details","index":"[omsmedb-155]-android-international-transfer---payment-execution-details;ac1---page-content-validations","scenarioName":"AC1 - Page Content Validations","status":"failed"},
{"date":"2022-04-11T22:46:35.043Z","featureName":"[OMSMEDB-159] Android International Transfer - Confirmation\\Failure Screen","index":"[omsmedb-159]-android-international-transfer---confirmation\\failure-screen;ac1---confirmation-screen","scenarioName":"AC1 - Confirmation Screen","status":"failed"},
{"date":"2022-04-11T22:47:34.898Z","featureName":"[OMSMEDB-25] Android Intracompany Transfer - Select New Payment","index":"[omsmedb-25]-android-intracompany-transfer---select-new-payment;ac1---new-payment","scenarioName":"AC1 - New Payment","status":"failed"},
{"date":"2022-04-11T22:48:29.674Z","featureName":"[OMSMEDB-26] Android Intra Company Transfer - From Account screen","index":"[omsmedb-26]-android-intra-company-transfer---from-account-screen;ac1---from-accounts-list","scenarioName":"AC1 - From Accounts List","status":"failed"},
{"date":"2022-04-11T22:49:25.595Z","featureName":"[OMSMEDB-26] Android Intra Company Transfer - From Account screen","index":"[omsmedb-26]-android-intra-company-transfer---from-account-screen;ac2---discard-action-(yes-option)","scenarioName":"AC2 - Discard Action (Yes option)","status":"failed"},
{"date":"2022-04-11T22:50:24.145Z","featureName":"[OMSMEDB-26] Android Intra Company Transfer - From Account screen","index":"[omsmedb-26]-android-intra-company-transfer---from-account-screen;ac3---discard-action-(not-option)","scenarioName":"AC3 - Discard Action (Not option)","status":"failed"},
{"date":"2022-04-11T22:51:22.231Z","featureName":"[OMSMEDB-26] Android Intra Company Transfer - From Account screen","index":"[omsmedb-26]-android-intra-company-transfer---from-account-screen;ac4---search-action","scenarioName":"AC4 - Search Action","status":"failed"},
{"date":"2022-04-11T22:52:21.237Z","featureName":"[OMSMEDB-27] Android Intra Company Transfer - To Account screen","index":"[omsmedb-27]-android-intra-company-transfer---to-account-screen;ac1---to-accounts-list","scenarioName":"AC1 - To Accounts List","status":"failed"},
{"date":"2022-04-11T22:53:16.907Z","featureName":"[OMSMEDB-27] Android Intra Company Transfer - To Account screen","index":"[omsmedb-27]-android-intra-company-transfer---to-account-screen;ac2---discard-action","scenarioName":"AC2 - Discard Action","status":"failed"},
{"date":"2022-04-11T22:54:14.109Z","featureName":"[OMSMEDB-27] Android Intra Company Transfer - To Account screen","index":"[omsmedb-27]-android-intra-company-transfer---to-account-screen;ac3---discard-action","scenarioName":"AC3 - Discard Action","status":"failed"},
{"date":"2022-04-11T22:55:12.148Z","featureName":"[OMSMEDB-27] Android Intra Company Transfer - To Account screen","index":"[omsmedb-27]-android-intra-company-transfer---to-account-screen;ac4---search-action","scenarioName":"AC4 - Search Action","status":"failed"},
{"date":"2022-04-11T22:56:08.116Z","featureName":"[OMSMEDB-29] Android Intra Company Transfer - Review Screen Details","index":"[omsmedb-29]-android-intra-company-transfer---review-screen-details;ac1---page-content-validations","scenarioName":"AC1 - Page Content Validations","status":"failed"},
{"date":"2022-04-11T22:57:06.608Z","featureName":"[OMSMEDB-30] Android Intracompany Transfer - Confirmation\\Failure Payment Screen","index":"[omsmedb-30]-android-intracompany-transfer---confirmation\\failure-payment-screen;ac1---confirmation-screen","scenarioName":"AC1 - Confirmation Screen","status":"failed"},
{"date":"2022-04-11T22:58:03.176Z","featureName":"[OMSMEDB-57] Android Intra Company Transfer - Details","index":"[omsmedb-57]-android-intra-company-transfer---details;ac1---page-content-validations---today-tab","scenarioName":"AC1 - Page Content Validations - Today Tab","status":"failed"}]
