[{"date":"2022-03-31T16:39:43.771Z","featureName":"[OMSMEDB-11] Android Dashboard - Accounts List","index":"[omsmedb-11]-android-dashboard---accounts-list;ac1---page-content","scenarioName":"AC1 - Page Content","status":"passed"},
{"date":"2022-03-31T16:41:14.609Z","featureName":"[OMSMEDB-12] Android Pin Account as favorite","index":"[omsmedb-12]-android-pin-account-as-favorite;ac1---account-list-screen---pin-to-favorite-list","scenarioName":"AC1 - Account List screen - Pin to favorite list","status":"failed"},
{"date":"2022-03-31T16:42:15.447Z","featureName":"[OMSMEDB-12] Android Pin Account as favorite","index":"[omsmedb-12]-android-pin-account-as-favorite;ac2---account-list-screen---remove-from-favorite-list","scenarioName":"AC2 - Account List screen - Remove from favorite list","status":"passed"},
{"date":"2022-03-31T16:43:40.982Z","featureName":"[OMSMEDB-14] Android Accounts List - Search","index":"[omsmedb-14]-android-accounts-list---search;ac1---search-icon-\/-ac2---search-criteria-\/-ac3---no-results-found","scenarioName":"AC1 - Search icon \/ AC2 - Search criteria \/ AC3 - No Results Found","status":"failed"},
{"date":"2022-03-31T16:44:41.481Z","featureName":"[OMSMEDB-15] Android Account Details","index":"[omsmedb-15]-android-account-details;ac1---page-content","scenarioName":"AC1 - Page Content","status":"passed"},
{"date":"2022-03-31T16:46:06.348Z","featureName":"[OMSMEDB-72] Android Accounts list and Transactions list - Balance trend","index":"[omsmedb-72]-android-accounts-list-and-transactions-list---balance-trend;ac1---dashboard---balance-trend","scenarioName":"AC1 - Dashboard - Balance trend","status":"failed"},
{"date":"2022-03-31T16:47:06.708Z","featureName":"[OMSMEDB-72] Android Accounts list and Transactions list - Balance trend","index":"[omsmedb-72]-android-accounts-list-and-transactions-list---balance-trend;ac2---transactions-list---balance-trend","scenarioName":"AC2 - Transactions list - Balance trend","status":"passed"},
{"date":"2022-03-31T16:48:33.515Z","featureName":"[OMSMEDB-72] Android Accounts list and Transactions list - Balance trend","index":"[omsmedb-72]-android-accounts-list-and-transactions-list---balance-trend;ac3---dashboard-and-transactions-list---unable-to-display-balance-trend","scenarioName":"AC3 - Dashboard and Transactions list - Unable to display balance trend","status":"failed"},
{"date":"2022-03-31T16:49:33.759Z","featureName":"[OMSMEDB-50] Android Cards List - Lock\\Unlock Cards","index":"[omsmedb-50]-android-cards-list---lock\\unlock-cards;ac1---lock\\unlock-card","scenarioName":"AC1 - Lock\\Unlock Card","status":"passed"},
{"date":"2022-03-31T16:51:08.650Z","featureName":"[OMSMEDB-167] Android Digital Documentation - Onboarding","index":"[omsmedb-167]-android-digital-documentation---onboarding;ac1---contracts-page-content","scenarioName":"AC1 - Contracts Page Content","status":"failed"},
{"date":"2022-03-31T16:52:10.245Z","featureName":"[OMSMEDB-235] Android Digital Documentation - Filtro de opções","index":"[omsmedb-235]-android-digital-documentation---filtro-de-opções;ac1----page-content","scenarioName":"AC1 -  Page Content","status":"failed"},
{"date":"2022-03-31T16:53:28.337Z","featureName":"[OMSMEDB-240] Android Digital Documentation - Statements","index":"[omsmedb-240]-android-digital-documentation---statements;ac1---page-content","scenarioName":"AC1 - Page Content","status":"failed"},
{"date":"2022-03-31T16:54:28.982Z","featureName":"[OMSMEDB-122] Android Tab Menu","index":"[omsmedb-122]-android-tab-menu;ac1--ac2--ac3-and-ac4---page-content","scenarioName":"AC1, AC2, AC3 and AC4 - Page Content","status":"passed"},
{"date":"2022-03-31T16:56:22.324Z","featureName":"[OMSMEDB-454] Android Payments - One-off and Recurrent Payments List","index":"[omsmedb-454]-android-payments---one-off-and-recurrent-payments-list;ac1---one-off-payments-list","scenarioName":"AC1 - One-off payments list","status":"failed"},
{"date":"2022-03-31T16:57:22.542Z","featureName":"[OMSMEDB-454] Android Payments - One-off and Recurrent Payments List","index":"[omsmedb-454]-android-payments---one-off-and-recurrent-payments-list;ac2---recurrent-payments-list","scenarioName":"AC2 - Recurrent payments list","status":"passed"},
{"date":"2022-03-31T16:59:00.271Z","featureName":"[OMSMEDB-1064] Android Service Payment - Select New Payment","index":"[omsmedb-1064]-android-service-payment---select-new-payment;ac1---page-content-validations","scenarioName":"AC1 - Page Content Validations","status":"failed"},
{"date":"2022-03-31T17:00:00.656Z","featureName":"[OMSMEDB-466] Android Service Payment - Confirmation\/Failure Payment Screen","index":"[omsmedb-466]-android-service-payment---confirmation\/failure-payment-screen;ac1---authentication-required---confirmation-screen","scenarioName":"AC1 - Authentication required - Confirmation Screen","status":"failed"},
{"date":"2022-03-31T17:01:39.678Z","featureName":"[OMSMEDB-466] Android Service Payment - Confirmation\/Failure Payment Screen","index":"[omsmedb-466]-android-service-payment---confirmation\/failure-payment-screen;ac2---authentication-required---failure-screen","scenarioName":"AC2 - Authentication required - Failure Screen","status":"failed"},
{"date":"2022-03-31T17:02:39.999Z","featureName":"[OMSMEDB-732] Android Service Payment - Payment Detail","index":"[omsmedb-732]-android-service-payment---payment-detail;ac1---page-content-validations","scenarioName":"AC1 - Page Content Validations","status":"failed"},
{"date":"2022-03-31T17:04:28.224Z","featureName":"[OMSMEDB-732] Android Service Payment - Payment Detail","index":"[omsmedb-732]-android-service-payment---payment-detail;ac2---authentication-required---cancel-action","scenarioName":"AC2 - Authentication required - Cancel action","status":"failed"},
{"date":"2022-03-31T17:05:30.560Z","featureName":"[OMSMEDB-732] Android Service Payment - Payment Detail","index":"[omsmedb-732]-android-service-payment---payment-detail;ac3---authentication-required---failed-validation","scenarioName":"AC3 - Authentication required - failed validation","status":"failed"},
{"date":"2022-03-31T17:06:10.922Z","featureName":"[OMSMEDB-732] Android Service Payment - Payment Detail","index":"[omsmedb-732]-android-service-payment---payment-detail;ac4---authentication-required---failed-attempts","scenarioName":"AC4 - Authentication required - failed attempts","status":"failed"},
{"date":"2022-03-31T17:08:39.050Z","featureName":"[OMSMEDB-1078] Android Service Payment - From Account Screen","index":"[omsmedb-1078]-android-service-payment---from-account-screen;ac1---from-accounts-list","scenarioName":"AC1 - From Accounts List","status":"failed"},
{"date":"2022-03-31T17:09:39.997Z","featureName":"[OMSMEDB-1078] Android Service Payment - From Account Screen","index":"[omsmedb-1078]-android-service-payment---from-account-screen;ac3---discard-action---confirm","scenarioName":"AC3 - Discard Action - Confirm","status":"failed"},
{"date":"2022-03-31T17:11:20.080Z","featureName":"[OMSMEDB-1078] Android Service Payment - From Account Screen","index":"[omsmedb-1078]-android-service-payment---from-account-screen;ac4---discard-action---cancel","scenarioName":"AC4 - Discard Action - Cancel","status":"failed"},
{"date":"2022-03-31T17:12:20.394Z","featureName":"[OMSMEDB-1078] Android Service Payment - From Account Screen","index":"[omsmedb-1078]-android-service-payment---from-account-screen;ac5---search-action","scenarioName":"AC5 - Search Action","status":"failed"},
{"date":"2022-03-31T17:15:09.571Z","featureName":"[OMSMEDB-1079] Android Service Payment - Execution Detail","index":"[omsmedb-1079]-android-service-payment---execution-detail;ac1---page-content-validations","scenarioName":"AC1 - Page Content Validations","status":"passed"},
{"date":"2022-03-31T17:16:54.148Z","featureName":"[OMSMEDB-1082] Android Service Payment - Payment Detail","index":"[omsmedb-1082]-android-service-payment---payment-detail;ac1---from-accounts-list","scenarioName":"AC1 - From Accounts List","status":"failed"},
{"date":"2022-03-31T17:17:54.657Z","featureName":"[OMSMEDB-1446] Android Service Payment - Service provider name","index":"[omsmedb-1446]-android-service-payment---service-provider-name;ac1---entity---service-provider-name-retrieved-from-cgd","scenarioName":"AC1 - Entity - Service provider name retrieved from CGD","status":"failed"},
{"date":"2022-03-31T17:20:40.107Z","featureName":"[OMSMEDB-1446] Android Service Payment - Service provider name","index":"[omsmedb-1446]-android-service-payment---service-provider-name;ac2---entity---service-provider-name-not-retrieved-from-cgd","scenarioName":"AC2 - Entity - Service provider name not retrieved from CGD","status":"passed"},
{"date":"2022-03-31T17:23:26.173Z","featureName":"[OMSMEDB-42] Android Social Security Payment - From Account screen","index":"[omsmedb-42]-android-social-security-payment---from-account-screen;ac3---discard-action---confirm","scenarioName":"AC3 - Discard Action - Confirm","status":"failed"},
{"date":"2022-03-31T17:25:26.816Z","featureName":"[OMSMEDB-44] - Android Social Security Payment - Payment Details","index":"[omsmedb-44]---android-social-security-payment---payment-details;ac1---page-content-validations","scenarioName":"AC1 - Page Content Validations","status":"failed"},
{"date":"2022-03-31T17:26:27.285Z","featureName":"[OMSMEDB-45] Android Social Security Payment - Review Payment Screen","index":"[omsmedb-45]-android-social-security-payment---review-payment-screen;ac1---page-content-validations-and-payment-cancellation","scenarioName":"AC1 - Page Content Validations and Payment Cancellation","status":"passed"},
{"date":"2022-03-31T17:28:30.249Z","featureName":"[OMSMEDB-45] Android Social Security Payment - Review Payment Screen","index":"[omsmedb-45]-android-social-security-payment---review-payment-screen;ac2---page-content-validations-and-return-back","scenarioName":"AC2 - Page Content Validations and Return Back","status":"failed"},
{"date":"2022-03-31T17:29:32.825Z","featureName":"[OMSMEDB-280] - Android Social Security Payments - Payment Execution Details","index":"[omsmedb-280]---android-social-security-payments---payment-execution-details;ac1---page-content-validations","scenarioName":"AC1 - Page Content Validations","status":"passed"},
{"date":"2022-03-31T17:31:17.369Z","featureName":"[OMSMEDB-823] - Android Social Security Payments - List Search","index":"[omsmedb-823]---android-social-security-payments---list-search;ac1---search-icon","scenarioName":"AC1 - Search icon","status":"failed"},
{"date":"2022-03-31T17:32:17.592Z","featureName":"[OMSMEDB-1181] Android State Payment - Payment Details","index":"[omsmedb-1181]-android-state-payment---payment-details;ac1---page-content-validations","scenarioName":"AC1 - Page Content Validations","status":"passed"},
{"date":"2022-03-31T17:34:06.795Z","featureName":"[OMSMEDB-1182] Android State Payment - From Account screen","index":"[omsmedb-1182]-android-state-payment---from-account-screen;ac1---from-accounts-list","scenarioName":"AC1 - From Accounts List","status":"failed"},
{"date":"2022-03-31T17:35:07.918Z","featureName":"[OMSMEDB-1182] Android State Payment - From Account screen","index":"[omsmedb-1182]-android-state-payment---from-account-screen;ac2---discard-action---confirm","scenarioName":"AC2 - Discard Action - Confirm","status":"passed"},
{"date":"2022-03-31T17:36:42.545Z","featureName":"[OMSMEDB-1182] Android State Payment - From Account screen","index":"[omsmedb-1182]-android-state-payment---from-account-screen;ac3---discard-action---cancel","scenarioName":"AC3 - Discard Action - Cancel","status":"failed"},
{"date":"2022-03-31T17:37:43.149Z","featureName":"[OMSMEDB-1182] Android State Payment - From Account screen","index":"[omsmedb-1182]-android-state-payment---from-account-screen;ac4---search-action","scenarioName":"AC4 - Search Action","status":"failed"},
{"date":"2022-03-31T17:40:16.681Z","featureName":"[OMSMEDB-1183] Android - State Payment - Execution  Details","index":"[omsmedb-1183]-android---state-payment---execution--details;ac1---page-content-validations","scenarioName":"AC1 - Page Content Validations","status":"passed"},
{"date":"2022-03-31T17:41:48.270Z","featureName":"[OMSMEDB-1184] Android State Payment - Review Screen","index":"[omsmedb-1184]-android-state-payment---review-screen;ac1---page-content-validations","scenarioName":"AC1 - Page Content Validations","status":"failed"},
{"date":"2022-03-31T17:42:51.052Z","featureName":"[OMSMEDB-1184] Android State Payment - Review Screen","index":"[omsmedb-1184]-android-state-payment---review-screen;ac2---authentication-required---cancel-action","scenarioName":"AC2 - Authentication required - Cancel action","status":"failed"},
{"date":"2022-03-31T17:44:35.564Z","featureName":"[OMSMEDB-1184] Android State Payment - Review Screen","index":"[omsmedb-1184]-android-state-payment---review-screen;ac3---authentication-required---failed-validation","scenarioName":"AC3 - Authentication required - failed validation","status":"failed"},
{"date":"2022-03-31T17:46:18.990Z","featureName":"[OMSMEDB-1184] Android State Payment - Review Screen","index":"[omsmedb-1184]-android-state-payment---review-screen;ac4---authentication-required---failed-attempts","scenarioName":"AC4 - Authentication required - failed attempts","status":"failed"},
{"date":"2022-03-31T17:47:19.288Z","featureName":"[OMSMEDB-1372] Android State Payment \u2013 Executed Payment Details screen","index":"[omsmedb-1372]-android-state-payment-\u2013-executed-payment-details-screen;ac1---one-off-payments-list","scenarioName":"AC1 - One-off payments list","status":"failed"},
{"date":"2022-03-31T17:49:00.894Z","featureName":"[OMSMEDB-1677] Android State Payment - Payment Details Retrieve Tax Type","index":"[omsmedb-1677]-android-state-payment---payment-details-retrieve-tax-type;ac1---payment-reference---tax-type-retrieved-from-cgd","scenarioName":"AC1 - Payment reference - Tax type retrieved from CGD","status":"failed"},
{"date":"2022-03-31T17:50:01.097Z","featureName":"[OMSMEDB-1677] Android State Payment - Payment Details Retrieve Tax Type","index":"[omsmedb-1677]-android-state-payment---payment-details-retrieve-tax-type;ac2---payment-reference---tax-type-not-retrieved-from-cgd","scenarioName":"AC2 - Payment reference - Tax type not retrieved from CGD","status":"passed"},
{"date":"2022-03-31T17:51:35.447Z","featureName":"[OMSMEDB-16] Android Transaction List Screen","index":"[omsmedb-16]-android-transaction-list-screen;ac1---page-content","scenarioName":"AC1 - Page Content","status":"failed"},
{"date":"2022-03-31T17:52:35.667Z","featureName":"[OMSMEDB-17] Android Transaction List Search","index":"[omsmedb-17]-android-transaction-list-search;ac1---search-icon","scenarioName":"AC1 - Search icon","status":"failed"},
{"date":"2022-03-31T17:56:06.861Z","featureName":"[OMSMEDB-80] Android Transfers - One-off Transfer Details screen","index":"[omsmedb-80]-android-transfers---one-off-transfer-details-screen;ac1---page-content---one-off","scenarioName":"AC1 - Page Content - One-off","status":"failed"},
{"date":"2022-03-31T17:57:38.518Z","featureName":"[OMSMEDB-80] Android Transfers - One-off Transfer Details screen","index":"[omsmedb-80]-android-transfers---one-off-transfer-details-screen;ac2---page-content---standing-orders","scenarioName":"AC2 - Page Content - Standing Orders","status":"failed"},
{"date":"2022-03-31T17:58:38.827Z","featureName":"[OMSMEDB-81] Android Standing orders - Details screen","index":"[omsmedb-81]-android-standing-orders---details-screen;ac1---page-content","scenarioName":"AC1 - Page Content","status":"passed"},
{"date":"2022-03-31T18:00:09.149Z","featureName":"[OMSMEDB-278] Android Scheduling Transfers - Holidays and cutoffs","index":"[omsmedb-278]-android-scheduling-transfers---holidays-and-cutoffs;ac1---scheduling-calendar","scenarioName":"AC1 - Scheduling Calendar","status":"failed"},
{"date":"2022-03-31T18:01:09.470Z","featureName":"[OMSMEDB-31] Android Domestic Transfer - Select New Payment","index":"[omsmedb-31]-android-domestic-transfer---select-new-payment;ac1---new-payment","scenarioName":"AC1 - New Payment","status":"passed"},
{"date":"2022-03-31T18:02:36.745Z","featureName":"[OMSMEDB-32] Android Domestic Transfer - From Account screen","index":"[omsmedb-32]-android-domestic-transfer---from-account-screen;ac1---from-accounts-list","scenarioName":"AC1 - From Accounts List","status":"failed"},
{"date":"2022-03-31T18:03:38.433Z","featureName":"[OMSMEDB-32] Android Domestic Transfer - From Account screen","index":"[omsmedb-32]-android-domestic-transfer---from-account-screen;ac2---discard-action","scenarioName":"AC2 - Discard Action","status":"passed"},
{"date":"2022-03-31T18:05:14.206Z","featureName":"[OMSMEDB-32] Android Domestic Transfer - From Account screen","index":"[omsmedb-32]-android-domestic-transfer---from-account-screen;ac3---search-action","scenarioName":"AC3 - Search Action","status":"failed"},
{"date":"2022-03-31T18:06:14.502Z","featureName":"[OMSMEDB-33] Android Domestic Transfer - Confirmation\\Failure Payment Screen","index":"[omsmedb-33]-android-domestic-transfer---confirmation\\failure-payment-screen;ac1---confirmation-screen","scenarioName":"AC1 - Confirmation Screen","status":"failed"},
{"date":"2022-03-31T18:09:08.819Z","featureName":"[OMSMEDB-34] Android Domestic Transfer - Select Beneficiary screen","index":"[omsmedb-34]-android-domestic-transfer---select-beneficiary-screen;ac1---beneficiaries-list","scenarioName":"AC1 - Beneficiaries List","status":"failed"},
{"date":"2022-03-31T18:10:38.421Z","featureName":"[OMSMEDB-34] Android Domestic Transfer - Select Beneficiary screen","index":"[omsmedb-34]-android-domestic-transfer---select-beneficiary-screen;ac3---discard-action","scenarioName":"AC3 - Discard Action","status":"failed"},
{"date":"2022-03-31T18:11:38.567Z","featureName":"[OMSMEDB-34] Android Domestic Transfer - Select Beneficiary screen","index":"[omsmedb-34]-android-domestic-transfer---select-beneficiary-screen;ac4---search-action","scenarioName":"AC4 - Search Action","status":"failed"},
{"date":"2022-03-31T18:13:09.712Z","featureName":"[OMSMEDB-35] Android Domestic Transfer - Payment Details","index":"[omsmedb-35]-android-domestic-transfer---payment-details;ac1---page-content-validations","scenarioName":"AC1 - Page Content Validations","status":"passed"},
{"date":"2022-03-31T18:14:51.040Z","featureName":"[OMSMEDB-36] Android Domestic Transfer - Review Payment Screen","index":"[omsmedb-36]-android-domestic-transfer---review-payment-screen;ac1---page-content-validations","scenarioName":"AC1 - Page Content Validations","status":"failed"},
{"date":"2022-03-31T18:15:51.627Z","featureName":"[OMSMEDB-37] Android Domestic Transfer - Add Beneficiary to the list","index":"[omsmedb-37]-android-domestic-transfer---add-beneficiary-to-the-list;ac1---save-beneficiary-in-the-list","scenarioName":"AC1 - Save Beneficiary in the list","status":"failed"},
{"date":"2022-03-31T18:17:23.410Z","featureName":"[OMSMEDB-37] Android Domestic Transfer - Add Beneficiary to the list","index":"[omsmedb-37]-android-domestic-transfer---add-beneficiary-to-the-list;ac2---do-not-save-beneficiary-in-the-list","scenarioName":"AC2 - Do Not Save Beneficiary in the list","status":"failed"},
{"date":"2022-03-31T18:18:25.708Z","featureName":"[OMSMEDB-147] Android Domestic Transfer - Execution Details","index":"[omsmedb-147]-android-domestic-transfer---execution-details;ac1---page-content-validations","scenarioName":"AC1 - Page Content Validations","status":"passed"},
{"date":"2022-03-31T18:20:06.317Z","featureName":"[OMSMEDB-150] Android International Transfer - From Account screen","index":"[omsmedb-150]-android-international-transfer---from-account-screen;ac1---from-accounts-list","scenarioName":"AC1 - From Accounts List","status":"failed"},
{"date":"2022-03-31T18:21:07.236Z","featureName":"[OMSMEDB-150] Android International Transfer - From Account screen","index":"[omsmedb-150]-android-international-transfer---from-account-screen;ac3---discard-action-(yes)","scenarioName":"AC3 - Discard Action (Yes)","status":"failed"},
{"date":"2022-03-31T18:23:30.700Z","featureName":"[OMSMEDB-150] Android International Transfer - From Account screen","index":"[omsmedb-150]-android-international-transfer---from-account-screen;ac4---discard-action-(no)","scenarioName":"AC4 - Discard Action (No)","status":"failed"},
{"date":"2022-03-31T18:25:54.854Z","featureName":"[OMSMEDB-150] Android International Transfer - From Account screen","index":"[omsmedb-150]-android-international-transfer---from-account-screen;ac5---search-action","scenarioName":"AC5 - Search Action","status":"failed"},
{"date":"2022-03-31T18:28:21.531Z","featureName":"[OMSMEDB-153] Android International Transfer - Add Beneficiary to the list","index":"[omsmedb-153]-android-international-transfer---add-beneficiary-to-the-list;ac1---do-not-save-beneficiary-in-the-list","scenarioName":"AC1 - Do Not Save Beneficiary in the list","status":"failed"},
{"date":"2022-03-31T18:30:22.839Z","featureName":"[OMSMEDB-153] Android International Transfer - Add Beneficiary to the list","index":"[omsmedb-153]-android-international-transfer---add-beneficiary-to-the-list;ac2---save-beneficiary-in-the-list","scenarioName":"AC2 - Save Beneficiary in the list","status":"failed"},
{"date":"2022-03-31T18:32:24.197Z","featureName":"[OMSMEDB-155] Android International Transfer - Payment Execution Details","index":"[omsmedb-155]-android-international-transfer---payment-execution-details;ac1---page-content-validations","scenarioName":"AC1 - Page Content Validations","status":"failed"},
{"date":"2022-03-31T18:32:24.836Z","featureName":"[OMSMEDB-159] Android International Transfer - Confirmation-Failure Payment Screen","index":"[omsmedb-159]-android-international-transfer---confirmation-failure-payment-screen;ac1---confirmation-screen","scenarioName":"AC1 - Confirmation Screen","status":"failed"},
{"date":"2022-03-31T18:33:25.600Z","featureName":"[OMSMEDB-25] Android Intracompany Transfer - Select New Payment","index":"[omsmedb-25]-android-intracompany-transfer---select-new-payment;ac1---new-payment","scenarioName":"AC1 - New Payment","status":"failed"},
{"date":"2022-03-31T18:34:55.551Z","featureName":"[OMSMEDB-26] Android Intra Company Transfer - From Account screen","index":"[omsmedb-26]-android-intra-company-transfer---from-account-screen;ac1---from-accounts-list","scenarioName":"AC1 - From Accounts List","status":"failed"},
{"date":"2022-03-31T18:35:56.935Z","featureName":"[OMSMEDB-26] Android Intra Company Transfer - From Account screen","index":"[omsmedb-26]-android-intra-company-transfer---from-account-screen;ac3---discard-action-(yes-option)","scenarioName":"AC3 - Discard Action (Yes option)","status":"failed"},
{"date":"2022-03-31T18:37:24.111Z","featureName":"[OMSMEDB-26] Android Intra Company Transfer - From Account screen","index":"[omsmedb-26]-android-intra-company-transfer---from-account-screen;ac4---discard-action-(not-option)","scenarioName":"AC4 - Discard Action (Not option)","status":"failed"},
{"date":"2022-03-31T18:38:24.843Z","featureName":"[OMSMEDB-26] Android Intra Company Transfer - From Account screen","index":"[omsmedb-26]-android-intra-company-transfer---from-account-screen;ac5---search-action","scenarioName":"AC5 - Search Action","status":"failed"},
{"date":"2022-03-31T18:40:03.317Z","featureName":"[OMSMEDB-27] Android Intra Company Transfer - To Account screen","index":"[omsmedb-27]-android-intra-company-transfer---to-account-screen;ac1---to-accounts-list","scenarioName":"AC1 - To Accounts List","status":"failed"},
{"date":"2022-03-31T18:41:03.758Z","featureName":"[OMSMEDB-27] Android Intra Company Transfer - To Account screen","index":"[omsmedb-27]-android-intra-company-transfer---to-account-screen;ac3---discard-action","scenarioName":"AC3 - Discard Action","status":"failed"},
{"date":"2022-03-31T18:42:35.166Z","featureName":"[OMSMEDB-27] Android Intra Company Transfer - To Account screen","index":"[omsmedb-27]-android-intra-company-transfer---to-account-screen;ac4---discard-action","scenarioName":"AC4 - Discard Action","status":"failed"},
{"date":"2022-03-31T18:43:35.586Z","featureName":"[OMSMEDB-27] Android Intra Company Transfer - To Account screen","index":"[omsmedb-27]-android-intra-company-transfer---to-account-screen;ac5---search-action","scenarioName":"AC5 - Search Action","status":"failed"},
{"date":"2022-03-31T18:45:06.700Z","featureName":"[OMSMEDB-27] Android Intra Company Transfer - To Account screen","index":"[omsmedb-27]-android-intra-company-transfer---to-account-screen;ac6---search---no-results-found","scenarioName":"AC6 - Search - No Results Found","status":"failed"},
{"date":"2022-03-31T18:46:08.007Z","featureName":"[OMSMEDB-29] Android Review Transfer Screen Details","index":"[omsmedb-29]-android-review-transfer-screen-details;ac1---page-content-validations","scenarioName":"AC1 - Page Content Validations","status":"failed"},
{"date":"2022-03-31T18:47:42.788Z","featureName":"[OMSMEDB-30] Android Intracompany Transfer - Confirmation\\Failure Payment Screen","index":"[omsmedb-30]-android-intracompany-transfer---confirmation\\failure-payment-screen;ac1---confirmation-screen","scenarioName":"AC1 - Confirmation Screen","status":"failed"},
{"date":"2022-03-31T18:48:43.406Z","featureName":"[OMSMEDB-30] Android Intracompany Transfer - Confirmation\\Failure Payment Screen","index":"[omsmedb-30]-android-intracompany-transfer---confirmation\\failure-payment-screen;ac2---failure-screen","scenarioName":"AC2 - Failure Screen","status":"failed"},
{"date":"2022-03-31T18:50:10.831Z","featureName":"[OMSMEDB-57] Android Intra Company Transfer Details","index":"[omsmedb-57]-android-intra-company-transfer-details;ac3---page-content-validations---today-tab","scenarioName":"AC3 - Page Content Validations - Today Tab","status":"failed"},
{"date":"2022-03-31T18:51:11.692Z","featureName":"[OMSMEDB-57] Android Intra Company Transfer Details","index":"[omsmedb-57]-android-intra-company-transfer-details;ac4---page-content-validations---schedule-tab","scenarioName":"AC4 - Page Content Validations - Schedule Tab","status":"failed"}]
