[{"date":"2022-03-24T17:45:35.299Z","featureName":"[OMSMEDB-11] iOS Dashboard - Accounts List","index":"[omsmedb-11]-ios-dashboard---accounts-list;ac1---page-content","scenarioName":"AC1 - Page Content","status":"passed"},
{"date":"2022-03-24T17:46:33.266Z","featureName":"[OMSMEDB-12] iOS Pin Account as favorite","index":"[omsmedb-12]-ios-pin-account-as-favorite;ac1---pin-to-favorite-list","scenarioName":"AC1 - Pin to favorite list","status":"passed"},
{"date":"2022-03-24T17:47:28.104Z","featureName":"[OMSMEDB-12] iOS Pin Account as favorite","index":"[omsmedb-12]-ios-pin-account-as-favorite;ac2---remove-from-favorite-list","scenarioName":"AC2 - Remove from favorite list","status":"passed"},
{"date":"2022-03-24T17:48:21.540Z","featureName":"[OMSMEDB-14] iOS Account List Search","index":"[omsmedb-14]-ios-account-list-search;ac1---search-icon","scenarioName":"AC1 - Search icon","status":"passed"},
{"date":"2022-03-24T17:49:18.315Z","featureName":"[OMSMEDB-14] iOS Account List Search","index":"[omsmedb-14]-ios-account-list-search;ac2---search-criteria","scenarioName":"AC2 - Search criteria","status":"passed"},
{"date":"2022-03-24T17:50:20.689Z","featureName":"[OMSMEDB-14] iOS Account List Search","index":"[omsmedb-14]-ios-account-list-search;ac3---no-results-found","scenarioName":"AC3 - No Results Found","status":"passed"},
{"date":"2022-03-24T17:51:19.623Z","featureName":"[OMSMEDB-15] iOS Account Details","index":"[omsmedb-15]-ios-account-details;ac1---page-content","scenarioName":"AC1 - Page Content","status":"passed"},
{"date":"2022-03-24T17:53:15.084Z","featureName":"[OMSMEDB-72] iOS Accounts list and Transactions list - Balance trend","index":"[omsmedb-72]-ios-accounts-list-and-transactions-list---balance-trend;ac2---transactions-list---balance-trend","scenarioName":"AC2 - Transactions list - Balance trend","status":"passed"},
{"date":"2022-03-24T17:55:22.955Z","featureName":"[OMSMEDB-50] iOS Cards List - Lock\\Unlock Cards","index":"[omsmedb-50]-ios-cards-list---lock\\unlock-cards;ac1---lock-card","scenarioName":"AC1 - Lock Card","status":"passed"},
{"date":"2022-03-24T17:56:24.383Z","featureName":"[OMSMEDB-50] iOS Cards List - Lock\\Unlock Cards","index":"[omsmedb-50]-ios-cards-list---lock\\unlock-cards;ac2---unlock-card","scenarioName":"AC2 - Unlock Card","status":"passed"},
{"date":"2022-03-24T17:57:21.450Z","featureName":"[OMSMEDB-122] iOS Tab Menu","index":"[omsmedb-122]-ios-tab-menu;ac1---menu-bottom-and-page-contents","scenarioName":"AC1 - Menu Bottom and Page Contents","status":"passed"},
{"date":"2022-03-24T17:58:31.986Z","featureName":"[OMSMEDB-454] iOS Payments - One-off and Recurrent Payments List","index":"[omsmedb-454]-ios-payments---one-off-and-recurrent-payments-list;ac1---one-off-payments-list","scenarioName":"AC1 - One-off payments list","status":"passed"},
{"date":"2022-03-24T18:01:57.745Z","featureName":"[OMSMEDB-454] iOS Payments - One-off and Recurrent Payments List","index":"[omsmedb-454]-ios-payments---one-off-and-recurrent-payments-list;ac2---recurrent-payments-list","scenarioName":"AC2 - Recurrent payments list","status":"passed"},
{"date":"2022-03-24T18:04:14.626Z","featureName":"[OMSMEDB-1064] iOS Service Payment - Select New Payment","index":"[omsmedb-1064]-ios-service-payment---select-new-payment;ac1---page-content-validations","scenarioName":"AC1 - Page Content Validations","status":"passed"},
{"date":"2022-03-24T18:08:12.011Z","featureName":"[OMSMEDB-466] iOS Service Payment - Confirmation\\Failure Payment Screen","index":"[omsmedb-466]-ios-service-payment---confirmation\\failure-payment-screen;ac1---authentication-required---confirmation-screen","scenarioName":"AC1 - Authentication required - Confirmation Screen","status":"passed"},
{"date":"2022-03-24T18:10:43.011Z","featureName":"[OMSMEDB-732] iOS Service Payment - Payment Review","index":"[omsmedb-732]-ios-service-payment---payment-review;ac1---page-content-validations","scenarioName":"AC1 - Page Content Validations","status":"passed"},
{"date":"2022-03-24T18:12:12.278Z","featureName":"[OMSMEDB-732] iOS Service Payment - Payment Review","index":"[omsmedb-732]-ios-service-payment---payment-review;ac2---authentication-required---cancel-action","scenarioName":"AC2 - Authentication required - Cancel action","status":"passed"},
{"date":"2022-03-24T18:13:41.003Z","featureName":"[OMSMEDB-732] iOS Service Payment - Payment Review","index":"[omsmedb-732]-ios-service-payment---payment-review;ac3---authentication-required---failed-validation","scenarioName":"AC3 - Authentication required - failed validation","status":"passed"},
{"date":"2022-03-24T18:15:14.628Z","featureName":"[OMSMEDB-1078] iOS Service Payment - From Account Screen","index":"[omsmedb-1078]-ios-service-payment---from-account-screen;ac1---from-accounts-list","scenarioName":"AC1 - From Accounts List","status":"passed"},
{"date":"2022-03-24T18:16:25.790Z","featureName":"[OMSMEDB-1078] iOS Service Payment - From Account Screen","index":"[omsmedb-1078]-ios-service-payment---from-account-screen;ac3---discard-action---confirm","scenarioName":"AC3 - Discard Action - Confirm","status":"passed"},
{"date":"2022-03-24T18:17:40.626Z","featureName":"[OMSMEDB-1078] iOS Service Payment - From Account Screen","index":"[omsmedb-1078]-ios-service-payment---from-account-screen;ac4---discard-action---cancel","scenarioName":"AC4 - Discard Action - Cancel","status":"passed"},
{"date":"2022-03-24T18:18:52.910Z","featureName":"[OMSMEDB-1078] iOS Service Payment - From Account Screen","index":"[omsmedb-1078]-ios-service-payment---from-account-screen;ac5---search-action","scenarioName":"AC5 - Search Action","status":"passed"},
{"date":"2022-03-24T18:20:00.383Z","featureName":"[OMSMEDB-1079] iOS Service Payment - Execution Details","index":"[omsmedb-1079]-ios-service-payment---execution-details;ac1---page-content-validations","scenarioName":"AC1 - Page Content Validations","status":"passed"},
{"date":"2022-03-24T18:21:12.821Z","featureName":"[OMSMEDB-1082] iOS Service Payment - Payment Details","index":"[omsmedb-1082]-ios-service-payment---payment-details;ac1---page-content-validations","scenarioName":"AC1 - Page Content Validations","status":"passed"},
{"date":"2022-03-24T18:22:41.152Z","featureName":"[OMSMEDB-1446] iOS Service Payment - Service provider name","index":"[omsmedb-1446]-ios-service-payment---service-provider-name;ac1---entity---service-provider-name-retrieved-from-cgd","scenarioName":"AC1 - Entity - Service provider name retrieved from CGD","status":"passed"},
{"date":"2022-03-24T18:24:03.260Z","featureName":"[OMSMEDB-1446] iOS Service Payment - Service provider name","index":"[omsmedb-1446]-ios-service-payment---service-provider-name;ac2---entity---service-provider-name-not-retrieved-from-cgd","scenarioName":"AC2 - Entity - Service provider name not retrieved from CGD","status":"passed"},
{"date":"2022-03-24T18:26:20.765Z","featureName":"[OMSMEDB-42] iOS Social Security Payment - From Account screen","index":"[omsmedb-42]-ios-social-security-payment---from-account-screen;ac1---from-accounts-list","scenarioName":"AC1 - From Accounts List","status":"passed"},
{"date":"2022-03-24T18:27:30.152Z","featureName":"[OMSMEDB-42] iOS Social Security Payment - From Account screen","index":"[omsmedb-42]-ios-social-security-payment---from-account-screen;ac3---discard-action---confirm","scenarioName":"AC3 - Discard Action - Confirm","status":"passed"},
{"date":"2022-03-24T18:28:41.089Z","featureName":"[OMSMEDB-42] iOS Social Security Payment - From Account screen","index":"[omsmedb-42]-ios-social-security-payment---from-account-screen;ac4---discard-action---cancel","scenarioName":"AC4 - Discard Action - Cancel","status":"passed"},
{"date":"2022-03-24T18:29:53.970Z","featureName":"[OMSMEDB-42] iOS Social Security Payment - From Account screen","index":"[omsmedb-42]-ios-social-security-payment---from-account-screen;ac5---search-action","scenarioName":"AC5 - Search Action","status":"passed"},
{"date":"2022-03-24T18:31:05.840Z","featureName":"[OMSMEDB-44] - iOS Social Security Payment - Payment Details","index":"[omsmedb-44]---ios-social-security-payment---payment-details;ac1---page-content-validations","scenarioName":"AC1 - Page Content Validations","status":"passed"},
{"date":"2022-03-24T18:32:42.228Z","featureName":"[OMSMEDB-45] iOS Social Security Payment - Review Payment Screen","index":"[omsmedb-45]-ios-social-security-payment---review-payment-screen;ac1---page-content-validations-and-payment-cancellation","scenarioName":"AC1 - Page Content Validations and Payment Cancellation","status":"passed"},
{"date":"2022-03-24T18:34:34.489Z","featureName":"[OMSMEDB-45] iOS Social Security Payment - Review Payment Screen","index":"[omsmedb-45]-ios-social-security-payment---review-payment-screen;ac2---page-content-validations-and-return-back","scenarioName":"AC2 - Page Content Validations and Return Back","status":"passed"},
{"date":"2022-03-24T18:36:34.673Z","featureName":"[OMSMEDB-280] - iOS Social Security Payments - Payment Execution Details","index":"[omsmedb-280]---ios-social-security-payments---payment-execution-details;ac1---page-content-validations","scenarioName":"AC1 - Page Content Validations","status":"passed"},
{"date":"2022-03-24T18:38:03.915Z","featureName":"[OMSMEDB-823] - iOS Social Security Payments - List Search","index":"[omsmedb-823]---ios-social-security-payments---list-search;ac1---search-icon","scenarioName":"AC1 - Search icon","status":"passed"},
{"date":"2022-03-24T18:38:57.446Z","featureName":"[OMSMEDB-1181] iOs State Payment - Payment Details","index":"[omsmedb-1181]-ios-state-payment---payment-details;ac1---page-content-validations","scenarioName":"AC1 - Page Content Validations","status":"passed"},
{"date":"2022-03-24T18:40:10.150Z","featureName":"[OMSMEDB-1182] iOS State Payment - From Account screen","index":"[omsmedb-1182]-ios-state-payment---from-account-screen;ac1---from-accounts-list","scenarioName":"AC1 - From Accounts List","status":"passed"},
{"date":"2022-03-24T18:41:15.469Z","featureName":"[OMSMEDB-1182] iOS State Payment - From Account screen","index":"[omsmedb-1182]-ios-state-payment---from-account-screen;ac2---discard-action---confirm","scenarioName":"AC2 - Discard Action - Confirm","status":"passed"},
{"date":"2022-03-24T18:42:31.887Z","featureName":"[OMSMEDB-1182] iOS State Payment - From Account screen","index":"[omsmedb-1182]-ios-state-payment---from-account-screen;ac3---discard-action---cancel","scenarioName":"AC3 - Discard Action - Cancel","status":"passed"},
{"date":"2022-03-24T18:43:41.136Z","featureName":"[OMSMEDB-1182] iOS State Payment - From Account screen","index":"[omsmedb-1182]-ios-state-payment---from-account-screen;ac4---search-action","scenarioName":"AC4 - Search Action","status":"passed"},
{"date":"2022-03-24T18:44:56.566Z","featureName":"[OMSMEDB-1372] iOS State Payment \u2013 Executed Payment Details screen","index":"[omsmedb-1372]-ios-state-payment-\u2013-executed-payment-details-screen;ac1---one-off-payments-list","scenarioName":"AC1 - One-off payments list","status":"failed"},
{"date":"2022-03-24T19:29:23.948Z","featureName":"[OMSMEDB-1677] iOs State Payment - Payment Details Retrieve Tax Type","index":"[omsmedb-1677]-ios-state-payment---payment-details-retrieve-tax-type;ac1---payment-reference---tax-type-retrieved-from-cgd","scenarioName":"AC1 - Payment reference - Tax type retrieved from CGD","status":"passed"},
{"date":"2022-03-24T19:30:39.040Z","featureName":"[OMSMEDB-1677] iOs State Payment - Payment Details Retrieve Tax Type","index":"[omsmedb-1677]-ios-state-payment---payment-details-retrieve-tax-type;ac2---payment-reference---tax-type-not-retrieved-from-cgd","scenarioName":"AC2 - Payment reference - Tax type not retrieved from CGD","status":"passed"},
{"date":"2022-03-24T19:32:57.405Z","featureName":"[OMSMEDB-16] iOS Transaction List Screen","index":"[omsmedb-16]-ios-transaction-list-screen;ac1---page-content","scenarioName":"AC1 - Page Content","status":"passed"},
{"date":"2022-03-24T19:34:50.187Z","featureName":"[OMSMEDB-80] iOS Transfers - One-off Transfer Details screen","index":"[omsmedb-80]-ios-transfers---one-off-transfer-details-screen;ac1---page-content---one-off","scenarioName":"AC1 - Page Content - One-off","status":"failed"},
{"date":"2022-03-24T19:37:05.240Z","featureName":"[OMSMEDB-80] iOS Transfers - One-off Transfer Details screen","index":"[omsmedb-80]-ios-transfers---one-off-transfer-details-screen;ac2---page-content---standing-orders","scenarioName":"AC2 - Page Content - Standing Orders","status":"passed"},
{"date":"2022-03-24T19:39:04.973Z","featureName":"[OMSMEDB-81] iOS Standing orders - Details screen","index":"[omsmedb-81]-ios-standing-orders---details-screen;ac1---page-content","scenarioName":"AC1 - Page Content","status":"passed"},
{"date":"2022-03-24T19:41:02.613Z","featureName":"[OMSMEDB-31] iOS Domestic Transfer - Select New Transfer","index":"[omsmedb-31]-ios-domestic-transfer---select-new-transfer;ac1---new-transfer","scenarioName":"AC1 - New Transfer","status":"passed"},
{"date":"2022-03-24T19:42:12.612Z","featureName":"[OMSMEDB-32] iOS Domestic Transfer - From Account screen","index":"[omsmedb-32]-ios-domestic-transfer---from-account-screen;ac1---from-accounts-list","scenarioName":"AC1 - From Accounts List","status":"passed"},
{"date":"2022-03-24T19:43:21.569Z","featureName":"[OMSMEDB-32] iOS Domestic Transfer - From Account screen","index":"[omsmedb-32]-ios-domestic-transfer---from-account-screen;ac3---discard-action","scenarioName":"AC3 - Discard Action","status":"passed"},
{"date":"2022-03-24T19:44:39.130Z","featureName":"[OMSMEDB-32] iOS Domestic Transfer - From Account screen","index":"[omsmedb-32]-ios-domestic-transfer---from-account-screen;ac4---search-action","scenarioName":"AC4 - Search Action","status":"passed"},
{"date":"2022-03-24T19:45:45.036Z","featureName":"[OMSMEDB-32] iOS Domestic Transfer - From Account screen","index":"[omsmedb-32]-ios-domestic-transfer---from-account-screen;ac5---search---no-results-found","scenarioName":"AC5 - Search - No Results Found","status":"passed"},
{"date":"2022-03-24T19:47:04.864Z","featureName":"[OMSMEDB-33] iOS Domestic Transfer - Confirmation\\Failure Payment Screen","index":"[omsmedb-33]-ios-domestic-transfer---confirmation\\failure-payment-screen;ac1---confirmation-screen","scenarioName":"AC1 - Confirmation Screen","status":"passed"},
{"date":"2022-03-24T19:50:07.437Z","featureName":"[OMSMEDB-35] iOS Domestic Transfer - Payment Details","index":"[omsmedb-35]-ios-domestic-transfer---payment-details;ac1---page-content-validations","scenarioName":"AC1 - Page Content Validations","status":"passed"},
{"date":"2022-03-24T19:51:17.201Z","featureName":"[OMSMEDB-147] iOS Domestic Transfer - Execution Details","index":"[omsmedb-147]-ios-domestic-transfer---execution-details;ac1---page-content-validations","scenarioName":"AC1 - Page Content Validations","status":"passed"},
{"date":"2022-03-24T19:52:32.617Z","featureName":"[OMSMEDB-150] iOS International Transfer - From Account screen","index":"[omsmedb-150]-ios-international-transfer---from-account-screen;ac1---discard-action\\confirm-action","scenarioName":"AC1 - Discard Action\\Confirm Action","status":"passed"},
{"date":"2022-03-24T19:53:51.492Z","featureName":"[OMSMEDB-150] iOS International Transfer - From Account screen","index":"[omsmedb-150]-ios-international-transfer---from-account-screen;ac2---discard-action\\does-not-confirm-action","scenarioName":"AC2 - Discard Action\\Does not Confirm Action","status":"passed"},
{"date":"2022-03-24T19:55:04.847Z","featureName":"[OMSMEDB-150] iOS International Transfer - From Account screen","index":"[omsmedb-150]-ios-international-transfer---from-account-screen;ac3---search-action","scenarioName":"AC3 - Search Action","status":"passed"},
{"date":"2022-03-24T19:56:24.011Z","featureName":"[OMSMEDB-150] iOS International Transfer - From Account screen","index":"[omsmedb-150]-ios-international-transfer---from-account-screen;ac4---search---no-results-found","scenarioName":"AC4 - Search - No Results Found","status":"passed"},
{"date":"2022-03-24T19:57:46.274Z","featureName":"[OMSMEDB-151] iOS International Transfer - Select Beneficiary screen","index":"[omsmedb-151]-ios-international-transfer---select-beneficiary-screen;ac1---beneficiaries-list","scenarioName":"AC1 - Beneficiaries List","status":"passed"},
{"date":"2022-03-24T19:58:53.189Z","featureName":"[OMSMEDB-151] iOS International Transfer - Select Beneficiary screen","index":"[omsmedb-151]-ios-international-transfer---select-beneficiary-screen;ac2---discard-action","scenarioName":"AC2 - Discard Action","status":"passed"},
{"date":"2022-03-24T20:00:16.130Z","featureName":"[OMSMEDB-151] iOS International Transfer - Select Beneficiary screen","index":"[omsmedb-151]-ios-international-transfer---select-beneficiary-screen;ac3---search-action","scenarioName":"AC3 - Search Action","status":"passed"},
{"date":"2022-03-24T20:01:32.591Z","featureName":"[OMSMEDB-151] iOS International Transfer - Select Beneficiary screen","index":"[omsmedb-151]-ios-international-transfer---select-beneficiary-screen;ac4---search---no-results-found","scenarioName":"AC4 - Search - No Results Found","status":"passed"},
{"date":"2022-03-24T20:02:50.961Z","featureName":"[OMSMEDB-152] iOS International Transfer - Pay to other Beneficiary","index":"[omsmedb-152]-ios-international-transfer---pay-to-other-beneficiary;ac1---page-content-and-fields-validation","scenarioName":"AC1 - Page Content and Fields Validation","status":"passed"},
{"date":"2022-03-24T20:04:52.180Z","featureName":"[OMSMEDB-153] iOS International Transfer - Add Beneficiary to the list","index":"[omsmedb-153]-ios-international-transfer---add-beneficiary-to-the-list;ac1---pay-new-beneficiary-and-do-not-add-it-to-the-list","scenarioName":"AC1 - Pay new Beneficiary and do not add it to the list","status":"passed"},
{"date":"2022-03-24T20:06:36.143Z","featureName":"[OMSMEDB-154] iOS International Transfer - Payment Details","index":"[omsmedb-154]-ios-international-transfer---payment-details;ac1---page-content-validations","scenarioName":"AC1 - Page Content Validations","status":"passed"},
{"date":"2022-03-24T20:08:09.091Z","featureName":"[OMSMEDB-155] iOS International Transfer - Payment Execution Details","index":"[omsmedb-155]-ios-international-transfer---payment-execution-details;ac1---page-content-validations","scenarioName":"AC1 - Page Content Validations","status":"passed"},
{"date":"2022-03-24T20:09:31.878Z","featureName":"[OMSMEDB-159] iOS International Transfer - Confirmation-Failure Payment Screen","index":"[omsmedb-159]-ios-international-transfer---confirmation-failure-payment-screen;ac1---confirmation-screen","scenarioName":"AC1 - Confirmation Screen","status":"passed"},
{"date":"2022-03-24T20:13:18.926Z","featureName":"[OMSMEDB-25] iOS Intra Company Transfer - Select New Payment","index":"[omsmedb-25]-ios-intra-company-transfer---select-new-payment;ac1---new-transfer","scenarioName":"AC1 - New Transfer","status":"passed"},
{"date":"2022-03-24T20:14:30.644Z","featureName":"[OMSMEDB-26] iOS Intra Company Transfer - From Account screen","index":"[omsmedb-26]-ios-intra-company-transfer---from-account-screen;ac2---discard-action---confirm","scenarioName":"AC2 - Discard Action - Confirm","status":"passed"},
{"date":"2022-03-24T20:15:53.276Z","featureName":"[OMSMEDB-26] iOS Intra Company Transfer - From Account screen","index":"[omsmedb-26]-ios-intra-company-transfer---from-account-screen;ac3---discard-action---doesn-t-confirm","scenarioName":"AC3 - Discard Action - Doesn't Confirm","status":"passed"},
{"date":"2022-03-24T20:17:12.735Z","featureName":"[OMSMEDB-26] iOS Intra Company Transfer - From Account screen","index":"[omsmedb-26]-ios-intra-company-transfer---from-account-screen;ac4---search-action","scenarioName":"AC4 - Search Action","status":"passed"},
{"date":"2022-03-24T20:18:31.706Z","featureName":"[OMSMEDB-26] iOS Intra Company Transfer - From Account screen","index":"[omsmedb-26]-ios-intra-company-transfer---from-account-screen;ac5---search---no-results-found","scenarioName":"AC5 - Search - No Results Found","status":"passed"},
{"date":"2022-03-24T20:19:59.683Z","featureName":"[OMSMEDB-27] iOS Intra Company Transfer - To Account screen","index":"[omsmedb-27]-ios-intra-company-transfer---to-account-screen;ac1---to-accounts-list","scenarioName":"AC1 - To Accounts List","status":"passed"},
{"date":"2022-03-24T20:21:17.941Z","featureName":"[OMSMEDB-27] iOS Intra Company Transfer - To Account screen","index":"[omsmedb-27]-ios-intra-company-transfer---to-account-screen;ac3---discard-action---confirm","scenarioName":"AC3 - Discard Action - Confirm","status":"passed"},
{"date":"2022-03-24T20:22:48.415Z","featureName":"[OMSMEDB-27] iOS Intra Company Transfer - To Account screen","index":"[omsmedb-27]-ios-intra-company-transfer---to-account-screen;ac4---discard-action---doesn-t-confirm","scenarioName":"AC4 - Discard Action - Doesn't Confirm","status":"passed"},
{"date":"2022-03-24T20:24:09.045Z","featureName":"[OMSMEDB-27] iOS Intra Company Transfer - To Account screen","index":"[omsmedb-27]-ios-intra-company-transfer---to-account-screen;ac5---search-action","scenarioName":"AC5 - Search Action","status":"passed"}]
