[{"date":"2022-03-28T19:03:00.669Z","featureName":"[OMSMEDB-11] iOS Dashboard - Accounts List","index":"[omsmedb-11]-ios-dashboard---accounts-list;ac1---page-content","scenarioName":"AC1 - Page Content","status":"passed"},
{"date":"2022-03-28T19:04:04.265Z","featureName":"[OMSMEDB-12] iOS Pin Account as favorite","index":"[omsmedb-12]-ios-pin-account-as-favorite;ac1---pin-to-favorite-list","scenarioName":"AC1 - Pin to favorite list","status":"passed"},
{"date":"2022-03-28T19:05:02.781Z","featureName":"[OMSMEDB-12] iOS Pin Account as favorite","index":"[omsmedb-12]-ios-pin-account-as-favorite;ac2---remove-from-favorite-list","scenarioName":"AC2 - Remove from favorite list","status":"passed"},
{"date":"2022-03-28T19:06:00.268Z","featureName":"[OMSMEDB-14] iOS Account List Search","index":"[omsmedb-14]-ios-account-list-search;ac1---search-icon","scenarioName":"AC1 - Search icon","status":"passed"},
{"date":"2022-03-28T19:06:59.521Z","featureName":"[OMSMEDB-14] iOS Account List Search","index":"[omsmedb-14]-ios-account-list-search;ac2---search-criteria","scenarioName":"AC2 - Search criteria","status":"passed"},
{"date":"2022-03-28T19:08:07.142Z","featureName":"[OMSMEDB-14] iOS Account List Search","index":"[omsmedb-14]-ios-account-list-search;ac3---no-results-found","scenarioName":"AC3 - No Results Found","status":"passed"},
{"date":"2022-03-28T19:09:05.918Z","featureName":"[OMSMEDB-15] iOS Account Details","index":"[omsmedb-15]-ios-account-details;ac1---page-content","scenarioName":"AC1 - Page Content","status":"passed"},
{"date":"2022-03-28T19:11:00.192Z","featureName":"[OMSMEDB-72] iOS Accounts list and Transactions list - Balance trend","index":"[omsmedb-72]-ios-accounts-list-and-transactions-list---balance-trend;ac2---transactions-list---balance-trend","scenarioName":"AC2 - Transactions list - Balance trend","status":"passed"},
{"date":"2022-03-28T19:12:52.459Z","featureName":"[OMSMEDB-50] iOS Cards List - Lock\\Unlock Cards","index":"[omsmedb-50]-ios-cards-list---lock\\unlock-cards;ac1---lock-card","scenarioName":"AC1 - Lock Card","status":"passed"},
{"date":"2022-03-28T19:13:51.793Z","featureName":"[OMSMEDB-50] iOS Cards List - Lock\\Unlock Cards","index":"[omsmedb-50]-ios-cards-list---lock\\unlock-cards;ac2---unlock-card","scenarioName":"AC2 - Unlock Card","status":"passed"},
{"date":"2022-03-28T19:14:50.222Z","featureName":"[OMSMEDB-122] iOS Tab Menu","index":"[omsmedb-122]-ios-tab-menu;ac1---menu-bottom-and-page-contents","scenarioName":"AC1 - Menu Bottom and Page Contents","status":"passed"},
{"date":"2022-03-28T19:16:04.134Z","featureName":"[OMSMEDB-454] iOS Payments - One-off and Recurrent Payments List","index":"[omsmedb-454]-ios-payments---one-off-and-recurrent-payments-list;ac1---one-off-payments-list","scenarioName":"AC1 - One-off payments list","status":"passed"},
{"date":"2022-03-28T19:18:38.539Z","featureName":"[OMSMEDB-454] iOS Payments - One-off and Recurrent Payments List","index":"[omsmedb-454]-ios-payments---one-off-and-recurrent-payments-list;ac2---recurrent-payments-list","scenarioName":"AC2 - Recurrent payments list","status":"passed"},
{"date":"2022-03-28T19:20:55.055Z","featureName":"[OMSMEDB-1064] iOS Service Payment - Select New Payment","index":"[omsmedb-1064]-ios-service-payment---select-new-payment;ac1---page-content-validations","scenarioName":"AC1 - Page Content Validations","status":"passed"},
{"date":"2022-03-28T19:25:06.339Z","featureName":"[OMSMEDB-466] iOS Service Payment - Confirmation\\Failure Payment Screen","index":"[omsmedb-466]-ios-service-payment---confirmation\\failure-payment-screen;ac1---authentication-required---confirmation-screen","scenarioName":"AC1 - Authentication required - Confirmation Screen","status":"passed"},
{"date":"2022-03-28T19:27:46.803Z","featureName":"[OMSMEDB-732] iOS Service Payment - Payment Review","index":"[omsmedb-732]-ios-service-payment---payment-review;ac1---page-content-validations","scenarioName":"AC1 - Page Content Validations","status":"passed"},
{"date":"2022-03-28T19:29:22.110Z","featureName":"[OMSMEDB-732] iOS Service Payment - Payment Review","index":"[omsmedb-732]-ios-service-payment---payment-review;ac2---authentication-required---cancel-action","scenarioName":"AC2 - Authentication required - Cancel action","status":"passed"},
{"date":"2022-03-28T19:30:50.002Z","featureName":"[OMSMEDB-732] iOS Service Payment - Payment Review","index":"[omsmedb-732]-ios-service-payment---payment-review;ac3---authentication-required---failed-validation","scenarioName":"AC3 - Authentication required - failed validation","status":"passed"},
{"date":"2022-03-28T19:32:24.433Z","featureName":"[OMSMEDB-732] iOS Service Payment - Payment Review","index":"[omsmedb-732]-ios-service-payment---payment-review;ac4---authentication-required---failed-attempts","scenarioName":"AC4 - Authentication required - failed attempts","status":"failed"},
{"date":"2022-03-28T19:34:12.253Z","featureName":"[OMSMEDB-1078] iOS Service Payment - From Account Screen","index":"[omsmedb-1078]-ios-service-payment---from-account-screen;ac1---from-accounts-list","scenarioName":"AC1 - From Accounts List","status":"passed"},
{"date":"2022-03-28T19:35:35.423Z","featureName":"[OMSMEDB-1078] iOS Service Payment - From Account Screen","index":"[omsmedb-1078]-ios-service-payment---from-account-screen;ac3---discard-action---confirm","scenarioName":"AC3 - Discard Action - Confirm","status":"passed"},
{"date":"2022-03-28T19:37:01.657Z","featureName":"[OMSMEDB-1078] iOS Service Payment - From Account Screen","index":"[omsmedb-1078]-ios-service-payment---from-account-screen;ac4---discard-action---cancel","scenarioName":"AC4 - Discard Action - Cancel","status":"passed"},
{"date":"2022-03-28T19:38:18.610Z","featureName":"[OMSMEDB-1078] iOS Service Payment - From Account Screen","index":"[omsmedb-1078]-ios-service-payment---from-account-screen;ac5---search-action","scenarioName":"AC5 - Search Action","status":"passed"},
{"date":"2022-03-28T19:39:45.830Z","featureName":"[OMSMEDB-1079] iOS Service Payment - Execution Details","index":"[omsmedb-1079]-ios-service-payment---execution-details;ac1---page-content-validations","scenarioName":"AC1 - Page Content Validations","status":"passed"},
{"date":"2022-03-28T19:41:04.128Z","featureName":"[OMSMEDB-1082] iOS Service Payment - Payment Details","index":"[omsmedb-1082]-ios-service-payment---payment-details;ac1---page-content-validations","scenarioName":"AC1 - Page Content Validations","status":"passed"},
{"date":"2022-03-28T19:42:30.603Z","featureName":"[OMSMEDB-1446] iOS Service Payment - Service provider name","index":"[omsmedb-1446]-ios-service-payment---service-provider-name;ac1---entity---service-provider-name-retrieved-from-cgd","scenarioName":"AC1 - Entity - Service provider name retrieved from CGD","status":"passed"},
{"date":"2022-03-28T19:43:56.995Z","featureName":"[OMSMEDB-1446] iOS Service Payment - Service provider name","index":"[omsmedb-1446]-ios-service-payment---service-provider-name;ac2---entity---service-provider-name-not-retrieved-from-cgd","scenarioName":"AC2 - Entity - Service provider name not retrieved from CGD","status":"passed"},
{"date":"2022-03-28T19:45:41.074Z","featureName":"[OMSMEDB-42] iOS Social Security Payment - From Account screen","index":"[omsmedb-42]-ios-social-security-payment---from-account-screen;ac1---from-accounts-list","scenarioName":"AC1 - From Accounts List","status":"passed"},
{"date":"2022-03-28T19:47:16.155Z","featureName":"[OMSMEDB-42] iOS Social Security Payment - From Account screen","index":"[omsmedb-42]-ios-social-security-payment---from-account-screen;ac3---discard-action---confirm","scenarioName":"AC3 - Discard Action - Confirm","status":"passed"},
{"date":"2022-03-28T19:48:48.231Z","featureName":"[OMSMEDB-42] iOS Social Security Payment - From Account screen","index":"[omsmedb-42]-ios-social-security-payment---from-account-screen;ac4---discard-action---cancel","scenarioName":"AC4 - Discard Action - Cancel","status":"passed"},
{"date":"2022-03-28T19:50:05.980Z","featureName":"[OMSMEDB-42] iOS Social Security Payment - From Account screen","index":"[omsmedb-42]-ios-social-security-payment---from-account-screen;ac5---search-action","scenarioName":"AC5 - Search Action","status":"passed"},
{"date":"2022-03-28T19:51:33.978Z","featureName":"[OMSMEDB-44] - iOS Social Security Payment - Payment Details","index":"[omsmedb-44]---ios-social-security-payment---payment-details;ac1---page-content-validations","scenarioName":"AC1 - Page Content Validations","status":"passed"},
{"date":"2022-03-28T19:53:10.855Z","featureName":"[OMSMEDB-45] iOS Social Security Payment - Review Payment Screen","index":"[omsmedb-45]-ios-social-security-payment---review-payment-screen;ac1---page-content-validations-and-payment-cancellation","scenarioName":"AC1 - Page Content Validations and Payment Cancellation","status":"passed"},
{"date":"2022-03-28T19:55:07.070Z","featureName":"[OMSMEDB-45] iOS Social Security Payment - Review Payment Screen","index":"[omsmedb-45]-ios-social-security-payment---review-payment-screen;ac2---page-content-validations-and-return-back","scenarioName":"AC2 - Page Content Validations and Return Back","status":"passed"},
{"date":"2022-03-28T19:57:14.877Z","featureName":"[OMSMEDB-280] - iOS Social Security Payments - Payment Execution Details","index":"[omsmedb-280]---ios-social-security-payments---payment-execution-details;ac1---page-content-validations","scenarioName":"AC1 - Page Content Validations","status":"passed"},
{"date":"2022-03-28T19:58:53.594Z","featureName":"[OMSMEDB-823] - iOS Social Security Payments - List Search","index":"[omsmedb-823]---ios-social-security-payments---list-search;ac1---search-icon","scenarioName":"AC1 - Search icon","status":"passed"},
{"date":"2022-03-28T19:59:59.196Z","featureName":"[OMSMEDB-1181] iOs State Payment - Payment Details","index":"[omsmedb-1181]-ios-state-payment---payment-details;ac1---page-content-validations","scenarioName":"AC1 - Page Content Validations","status":"passed"},
{"date":"2022-03-28T20:01:13.665Z","featureName":"[OMSMEDB-1182] iOS State Payment - From Account screen","index":"[omsmedb-1182]-ios-state-payment---from-account-screen;ac1---from-accounts-list","scenarioName":"AC1 - From Accounts List","status":"passed"},
{"date":"2022-03-28T20:02:24.995Z","featureName":"[OMSMEDB-1182] iOS State Payment - From Account screen","index":"[omsmedb-1182]-ios-state-payment---from-account-screen;ac2---discard-action---confirm","scenarioName":"AC2 - Discard Action - Confirm","status":"passed"},
{"date":"2022-03-28T20:03:41.632Z","featureName":"[OMSMEDB-1182] iOS State Payment - From Account screen","index":"[omsmedb-1182]-ios-state-payment---from-account-screen;ac3---discard-action---cancel","scenarioName":"AC3 - Discard Action - Cancel","status":"passed"},
{"date":"2022-03-28T20:04:55.487Z","featureName":"[OMSMEDB-1182] iOS State Payment - From Account screen","index":"[omsmedb-1182]-ios-state-payment---from-account-screen;ac4---search-action","scenarioName":"AC4 - Search Action","status":"passed"},
{"date":"2022-03-28T20:06:19.124Z","featureName":"[OMSMEDB-1183] iOS - State Payment - Execution  Details","index":"[omsmedb-1183]-ios---state-payment---execution--details;ac1---page-content-validations","scenarioName":"AC1 - Page Content Validations","status":"passed"},
{"date":"2022-03-28T20:07:35.942Z","featureName":"[OMSMEDB-1184] iOS State Payment - Review Screen","index":"[omsmedb-1184]-ios-state-payment---review-screen;ac1---page-content-validations","scenarioName":"AC1 - Page Content Validations","status":"passed"},
{"date":"2022-03-28T20:09:11.638Z","featureName":"[OMSMEDB-1184] iOS State Payment - Review Screen","index":"[omsmedb-1184]-ios-state-payment---review-screen;ac2---authentication-required---cancel-action","scenarioName":"AC2 - Authentication required - Cancel action","status":"passed"},
{"date":"2022-03-28T20:10:42.937Z","featureName":"[OMSMEDB-1184] iOS State Payment - Review Screen","index":"[omsmedb-1184]-ios-state-payment---review-screen;ac3---authentication-required---failed-validation","scenarioName":"AC3 - Authentication required - failed validation","status":"passed"},
{"date":"2022-03-28T20:12:17.514Z","featureName":"[OMSMEDB-1184] iOS State Payment - Review Screen","index":"[omsmedb-1184]-ios-state-payment---review-screen;ac4---authentication-required---failed-attempts","scenarioName":"AC4 - Authentication required - failed attempts","status":"failed"},
{"date":"2022-03-28T20:13:55.888Z","featureName":"[OMSMEDB-1186] iOS State Payment - Confirmation\\Failure Screen","index":"[omsmedb-1186]-ios-state-payment---confirmation\\failure-screen;ac1---confirmation-screen","scenarioName":"AC1 - Confirmation Screen","status":"passed"},
{"date":"2022-03-28T20:16:33.162Z","featureName":"[OMSMEDB-1372] iOS State Payment \u2013 Executed Payment Details screen","index":"[omsmedb-1372]-ios-state-payment-\u2013-executed-payment-details-screen;ac1---one-off-payments-list","scenarioName":"AC1 - One-off payments list","status":"failed"},
{"date":"2022-03-28T20:18:23.336Z","featureName":"[OMSMEDB-1677] iOs State Payment - Payment Details Retrieve Tax Type","index":"[omsmedb-1677]-ios-state-payment---payment-details-retrieve-tax-type;ac1---payment-reference---tax-type-retrieved-from-cgd","scenarioName":"AC1 - Payment reference - Tax type retrieved from CGD","status":"passed"},
{"date":"2022-03-28T20:19:41.822Z","featureName":"[OMSMEDB-1677] iOs State Payment - Payment Details Retrieve Tax Type","index":"[omsmedb-1677]-ios-state-payment---payment-details-retrieve-tax-type;ac2---payment-reference---tax-type-not-retrieved-from-cgd","scenarioName":"AC2 - Payment reference - Tax type not retrieved from CGD","status":"passed"},
{"date":"2022-03-28T20:22:02.401Z","featureName":"[OMSMEDB-16] iOS Transaction List Screen","index":"[omsmedb-16]-ios-transaction-list-screen;ac1---page-content","scenarioName":"AC1 - Page Content","status":"passed"},
{"date":"2022-03-28T20:23:59.690Z","featureName":"[OMSMEDB-80] iOS Transfers - One-off Transfer Details screen","index":"[omsmedb-80]-ios-transfers---one-off-transfer-details-screen;ac1---page-content---one-off","scenarioName":"AC1 - Page Content - One-off","status":"passed"},
{"date":"2022-03-28T20:25:51.991Z","featureName":"[OMSMEDB-80] iOS Transfers - One-off Transfer Details screen","index":"[omsmedb-80]-ios-transfers---one-off-transfer-details-screen;ac2---page-content---standing-orders","scenarioName":"AC2 - Page Content - Standing Orders","status":"passed"},
{"date":"2022-03-28T20:27:57.710Z","featureName":"[OMSMEDB-81] iOS Standing orders - Details screen","index":"[omsmedb-81]-ios-standing-orders---details-screen;ac1---page-content","scenarioName":"AC1 - Page Content","status":"passed"},
{"date":"2022-03-28T20:29:59.990Z","featureName":"[OMSMEDB-31] iOS Domestic Transfer - Select New Transfer","index":"[omsmedb-31]-ios-domestic-transfer---select-new-transfer;ac1---new-transfer","scenarioName":"AC1 - New Transfer","status":"passed"},
{"date":"2022-03-28T20:31:13.784Z","featureName":"[OMSMEDB-32] iOS Domestic Transfer - From Account screen","index":"[omsmedb-32]-ios-domestic-transfer---from-account-screen;ac1---from-accounts-list","scenarioName":"AC1 - From Accounts List","status":"passed"},
{"date":"2022-03-28T20:32:22.414Z","featureName":"[OMSMEDB-32] iOS Domestic Transfer - From Account screen","index":"[omsmedb-32]-ios-domestic-transfer---from-account-screen;ac3---discard-action","scenarioName":"AC3 - Discard Action","status":"passed"},
{"date":"2022-03-28T20:33:40.312Z","featureName":"[OMSMEDB-32] iOS Domestic Transfer - From Account screen","index":"[omsmedb-32]-ios-domestic-transfer---from-account-screen;ac4---search-action","scenarioName":"AC4 - Search Action","status":"passed"},
{"date":"2022-03-28T20:35:00.401Z","featureName":"[OMSMEDB-32] iOS Domestic Transfer - From Account screen","index":"[omsmedb-32]-ios-domestic-transfer---from-account-screen;ac5---search---no-results-found","scenarioName":"AC5 - Search - No Results Found","status":"passed"},
{"date":"2022-03-28T20:36:20.406Z","featureName":"[OMSMEDB-33] iOS Domestic Transfer - Confirmation\\Failure Payment Screen","index":"[omsmedb-33]-ios-domestic-transfer---confirmation\\failure-payment-screen;ac1---confirmation-screen","scenarioName":"AC1 - Confirmation Screen","status":"passed"},
{"date":"2022-03-28T20:39:34.766Z","featureName":"[OMSMEDB-35] iOS Domestic Transfer - Payment Details","index":"[omsmedb-35]-ios-domestic-transfer---payment-details;ac1---page-content-validations","scenarioName":"AC1 - Page Content Validations","status":"passed"},
{"date":"2022-03-28T20:41:07.577Z","featureName":"[OMSMEDB-147] iOS Domestic Transfer - Execution Details","index":"[omsmedb-147]-ios-domestic-transfer---execution-details;ac1---page-content-validations","scenarioName":"AC1 - Page Content Validations","status":"passed"},
{"date":"2022-03-28T20:42:27.513Z","featureName":"[OMSMEDB-150] iOS International Transfer - From Account screen","index":"[omsmedb-150]-ios-international-transfer---from-account-screen;ac1---discard-action\\confirm-action","scenarioName":"AC1 - Discard Action\\Confirm Action","status":"passed"},
{"date":"2022-03-28T20:43:48.641Z","featureName":"[OMSMEDB-150] iOS International Transfer - From Account screen","index":"[omsmedb-150]-ios-international-transfer---from-account-screen;ac2---discard-action\\does-not-confirm-action","scenarioName":"AC2 - Discard Action\\Does not Confirm Action","status":"passed"},
{"date":"2022-03-28T20:45:02.256Z","featureName":"[OMSMEDB-150] iOS International Transfer - From Account screen","index":"[omsmedb-150]-ios-international-transfer---from-account-screen;ac3---search-action","scenarioName":"AC3 - Search Action","status":"passed"},
{"date":"2022-03-28T20:46:33.360Z","featureName":"[OMSMEDB-150] iOS International Transfer - From Account screen","index":"[omsmedb-150]-ios-international-transfer---from-account-screen;ac4---search---no-results-found","scenarioName":"AC4 - Search - No Results Found","status":"passed"},
{"date":"2022-03-28T20:48:01.475Z","featureName":"[OMSMEDB-151] iOS International Transfer - Select Beneficiary screen","index":"[omsmedb-151]-ios-international-transfer---select-beneficiary-screen;ac1---beneficiaries-list","scenarioName":"AC1 - Beneficiaries List","status":"passed"},
{"date":"2022-03-28T20:49:18.888Z","featureName":"[OMSMEDB-151] iOS International Transfer - Select Beneficiary screen","index":"[omsmedb-151]-ios-international-transfer---select-beneficiary-screen;ac2---discard-action","scenarioName":"AC2 - Discard Action","status":"passed"},
{"date":"2022-03-28T20:50:47.249Z","featureName":"[OMSMEDB-151] iOS International Transfer - Select Beneficiary screen","index":"[omsmedb-151]-ios-international-transfer---select-beneficiary-screen;ac3---search-action","scenarioName":"AC3 - Search Action","status":"passed"},
{"date":"2022-03-28T20:52:34.557Z","featureName":"[OMSMEDB-151] iOS International Transfer - Select Beneficiary screen","index":"[omsmedb-151]-ios-international-transfer---select-beneficiary-screen;ac4---search---no-results-found","scenarioName":"AC4 - Search - No Results Found","status":"passed"},
{"date":"2022-03-28T20:54:13.658Z","featureName":"[OMSMEDB-152] iOS International Transfer - Pay to other Beneficiary","index":"[omsmedb-152]-ios-international-transfer---pay-to-other-beneficiary;ac1---page-content-and-fields-validation","scenarioName":"AC1 - Page Content and Fields Validation","status":"passed"},
{"date":"2022-03-28T20:56:25.652Z","featureName":"[OMSMEDB-153] iOS International Transfer - Add Beneficiary to the list","index":"[omsmedb-153]-ios-international-transfer---add-beneficiary-to-the-list;ac1---pay-new-beneficiary-and-do-not-add-it-to-the-list","scenarioName":"AC1 - Pay new Beneficiary and do not add it to the list","status":"passed"},
{"date":"2022-03-28T20:58:06.239Z","featureName":"[OMSMEDB-154] iOS International Transfer - Payment Details","index":"[omsmedb-154]-ios-international-transfer---payment-details;ac1---page-content-validations","scenarioName":"AC1 - Page Content Validations","status":"passed"},
{"date":"2022-03-28T20:59:33.473Z","featureName":"[OMSMEDB-155] iOS International Transfer - Payment Execution Details","index":"[omsmedb-155]-ios-international-transfer---payment-execution-details;ac1---page-content-validations","scenarioName":"AC1 - Page Content Validations","status":"passed"},
{"date":"2022-03-28T21:01:06.864Z","featureName":"[OMSMEDB-159] iOS International Transfer - Confirmation-Failure Payment Screen","index":"[omsmedb-159]-ios-international-transfer---confirmation-failure-payment-screen;ac1---confirmation-screen","scenarioName":"AC1 - Confirmation Screen","status":"passed"},
{"date":"2022-03-28T21:04:59.984Z","featureName":"[OMSMEDB-25] iOS Intra Company Transfer - Select New Payment","index":"[omsmedb-25]-ios-intra-company-transfer---select-new-payment;ac1---new-transfer","scenarioName":"AC1 - New Transfer","status":"passed"},
{"date":"2022-03-28T21:06:18.557Z","featureName":"[OMSMEDB-26] iOS Intra Company Transfer - From Account screen","index":"[omsmedb-26]-ios-intra-company-transfer---from-account-screen;ac2---discard-action---confirm","scenarioName":"AC2 - Discard Action - Confirm","status":"passed"},
{"date":"2022-03-28T21:07:44.982Z","featureName":"[OMSMEDB-26] iOS Intra Company Transfer - From Account screen","index":"[omsmedb-26]-ios-intra-company-transfer---from-account-screen;ac3---discard-action---doesn-t-confirm","scenarioName":"AC3 - Discard Action - Doesn't Confirm","status":"passed"},
{"date":"2022-03-28T21:09:12.964Z","featureName":"[OMSMEDB-26] iOS Intra Company Transfer - From Account screen","index":"[omsmedb-26]-ios-intra-company-transfer---from-account-screen;ac4---search-action","scenarioName":"AC4 - Search Action","status":"passed"},
{"date":"2022-03-28T21:10:47.567Z","featureName":"[OMSMEDB-26] iOS Intra Company Transfer - From Account screen","index":"[omsmedb-26]-ios-intra-company-transfer---from-account-screen;ac5---search---no-results-found","scenarioName":"AC5 - Search - No Results Found","status":"passed"},
{"date":"2022-03-28T21:12:17.194Z","featureName":"[OMSMEDB-27] iOS Intra Company Transfer - To Account screen","index":"[omsmedb-27]-ios-intra-company-transfer---to-account-screen;ac1---to-accounts-list","scenarioName":"AC1 - To Accounts List","status":"passed"},
{"date":"2022-03-28T21:13:38.747Z","featureName":"[OMSMEDB-27] iOS Intra Company Transfer - To Account screen","index":"[omsmedb-27]-ios-intra-company-transfer---to-account-screen;ac3---discard-action---confirm","scenarioName":"AC3 - Discard Action - Confirm","status":"passed"},
{"date":"2022-03-28T21:15:07.516Z","featureName":"[OMSMEDB-27] iOS Intra Company Transfer - To Account screen","index":"[omsmedb-27]-ios-intra-company-transfer---to-account-screen;ac4---discard-action---doesn-t-confirm","scenarioName":"AC4 - Discard Action - Doesn't Confirm","status":"passed"},
{"date":"2022-03-28T21:16:31.671Z","featureName":"[OMSMEDB-27] iOS Intra Company Transfer - To Account screen","index":"[omsmedb-27]-ios-intra-company-transfer---to-account-screen;ac5---search-action","scenarioName":"AC5 - Search Action","status":"passed"}]
