[{"date":"2022-04-06T21:39:52.245Z","featureName":"[OMSMEDB-11] iOS Dashboard - Accounts List","index":"[omsmedb-11]-ios-dashboard---accounts-list;ac1---page-content","scenarioName":"AC1 - Page Content","status":"passed"},
{"date":"2022-04-06T21:42:49.693Z","featureName":"[OMSMEDB-12] iOS Pin Account as favorite","index":"[omsmedb-12]-ios-pin-account-as-favorite;ac1---pin-to-favorite-list","scenarioName":"AC1 - Pin to favorite list","status":"passed"},
{"date":"2022-04-06T21:43:51.730Z","featureName":"[OMSMEDB-12] iOS Pin Account as favorite","index":"[omsmedb-12]-ios-pin-account-as-favorite;ac2---remove-from-favorite-list","scenarioName":"AC2 - Remove from favorite list","status":"passed"},
{"date":"2022-04-06T21:45:01.191Z","featureName":"[OMSMEDB-14] iOS Account List Search","index":"[omsmedb-14]-ios-account-list-search;ac1---search-icon","scenarioName":"AC1 - Search icon","status":"passed"},
{"date":"2022-04-06T21:46:07.508Z","featureName":"[OMSMEDB-14] iOS Account List Search","index":"[omsmedb-14]-ios-account-list-search;ac2---search-criteria","scenarioName":"AC2 - Search criteria","status":"passed"},
{"date":"2022-04-06T21:47:20.457Z","featureName":"[OMSMEDB-14] iOS Account List Search","index":"[omsmedb-14]-ios-account-list-search;ac3---no-results-found","scenarioName":"AC3 - No Results Found","status":"passed"},
{"date":"2022-04-06T21:48:26.024Z","featureName":"[OMSMEDB-15] iOS Account Details","index":"[omsmedb-15]-ios-account-details;ac1---page-content","scenarioName":"AC1 - Page Content","status":"passed"},
{"date":"2022-04-06T21:50:25.406Z","featureName":"[OMSMEDB-72] iOS Accounts list and Transactions list - Balance trend","index":"[omsmedb-72]-ios-accounts-list-and-transactions-list---balance-trend;ac2---transactions-list---balance-trend","scenarioName":"AC2 - Transactions list - Balance trend","status":"passed"},
{"date":"2022-04-06T21:52:27.349Z","featureName":"[OMSMEDB-50] iOS Cards List - Lock\\Unlock Cards","index":"[omsmedb-50]-ios-cards-list---lock\\unlock-cards;ac1---lock-card","scenarioName":"AC1 - Lock Card","status":"passed"},
{"date":"2022-04-06T21:53:35.457Z","featureName":"[OMSMEDB-50] iOS Cards List - Lock\\Unlock Cards","index":"[omsmedb-50]-ios-cards-list---lock\\unlock-cards;ac2---unlock-card","scenarioName":"AC2 - Unlock Card","status":"passed"},
{"date":"2022-04-06T21:54:39.566Z","featureName":"[OMSMEDB-122] iOS Tab Menu","index":"[omsmedb-122]-ios-tab-menu;ac1---menu-bottom-and-page-contents","scenarioName":"AC1 - Menu Bottom and Page Contents","status":"passed"},
{"date":"2022-04-06T21:55:59.748Z","featureName":"[OMSMEDB-454] iOS Payments - One-off and Recurrent Payments List","index":"[omsmedb-454]-ios-payments---one-off-and-recurrent-payments-list;ac1---one-off-payments-list","scenarioName":"AC1 - One-off payments list","status":"passed"},
{"date":"2022-04-06T21:59:43.750Z","featureName":"[OMSMEDB-454] iOS Payments - One-off and Recurrent Payments List","index":"[omsmedb-454]-ios-payments---one-off-and-recurrent-payments-list;ac2---recurrent-payments-list","scenarioName":"AC2 - Recurrent payments list","status":"passed"},
{"date":"2022-04-06T22:02:28.675Z","featureName":"[OMSMEDB-1064] iOS Service Payment - Select New Payment","index":"[omsmedb-1064]-ios-service-payment---select-new-payment;ac1---page-content-validations","scenarioName":"AC1 - Page Content Validations","status":"passed"},
{"date":"2022-04-06T22:08:00.699Z","featureName":"[OMSMEDB-466] iOS Service Payment - Confirmation\\Failure Payment Screen","index":"[omsmedb-466]-ios-service-payment---confirmation\\failure-payment-screen;ac1---authentication-required---confirmation-screen","scenarioName":"AC1 - Authentication required - Confirmation Screen","status":"passed"},
{"date":"2022-04-06T22:10:43.399Z","featureName":"[OMSMEDB-732] iOS Service Payment - Payment Review","index":"[omsmedb-732]-ios-service-payment---payment-review;ac1---page-content-validations","scenarioName":"AC1 - Page Content Validations","status":"passed"},
{"date":"2022-04-06T22:12:24.933Z","featureName":"[OMSMEDB-732] iOS Service Payment - Payment Review","index":"[omsmedb-732]-ios-service-payment---payment-review;ac2---authentication-required---cancel-action","scenarioName":"AC2 - Authentication required - Cancel action","status":"passed"},
{"date":"2022-04-06T22:14:01.955Z","featureName":"[OMSMEDB-732] iOS Service Payment - Payment Review","index":"[omsmedb-732]-ios-service-payment---payment-review;ac3---authentication-required---failed-validation","scenarioName":"AC3 - Authentication required - failed validation","status":"passed"},
{"date":"2022-04-06T22:15:42.678Z","featureName":"[OMSMEDB-732] iOS Service Payment - Payment Review","index":"[omsmedb-732]-ios-service-payment---payment-review;ac4---authentication-required---failed-attempts","scenarioName":"AC4 - Authentication required - failed attempts","status":"failed"},
{"date":"2022-04-06T22:17:27.034Z","featureName":"[OMSMEDB-1078] iOS Service Payment - From Account Screen","index":"[omsmedb-1078]-ios-service-payment---from-account-screen;ac1---from-accounts-list","scenarioName":"AC1 - From Accounts List","status":"passed"},
{"date":"2022-04-06T22:18:43.450Z","featureName":"[OMSMEDB-1078] iOS Service Payment - From Account Screen","index":"[omsmedb-1078]-ios-service-payment---from-account-screen;ac3---discard-action---confirm","scenarioName":"AC3 - Discard Action - Confirm","status":"passed"},
{"date":"2022-04-06T22:20:08.862Z","featureName":"[OMSMEDB-1078] iOS Service Payment - From Account Screen","index":"[omsmedb-1078]-ios-service-payment---from-account-screen;ac4---discard-action---cancel","scenarioName":"AC4 - Discard Action - Cancel","status":"passed"},
{"date":"2022-04-06T22:21:29.512Z","featureName":"[OMSMEDB-1078] iOS Service Payment - From Account Screen","index":"[omsmedb-1078]-ios-service-payment---from-account-screen;ac5---search-action","scenarioName":"AC5 - Search Action","status":"passed"},
{"date":"2022-04-06T22:22:59.355Z","featureName":"[OMSMEDB-1079] iOS Service Payment - Execution Details","index":"[omsmedb-1079]-ios-service-payment---execution-details;ac1---page-content-validations","scenarioName":"AC1 - Page Content Validations","status":"passed"},
{"date":"2022-04-06T22:24:20.462Z","featureName":"[OMSMEDB-1082] iOS Service Payment - Payment Details","index":"[omsmedb-1082]-ios-service-payment---payment-details;ac1---page-content-validations","scenarioName":"AC1 - Page Content Validations","status":"passed"},
{"date":"2022-04-06T22:25:51.160Z","featureName":"[OMSMEDB-1446] iOS Service Payment - Service provider name","index":"[omsmedb-1446]-ios-service-payment---service-provider-name;ac1---entity---service-provider-name-retrieved-from-cgd","scenarioName":"AC1 - Entity - Service provider name retrieved from CGD","status":"passed"},
{"date":"2022-04-06T22:27:22.111Z","featureName":"[OMSMEDB-1446] iOS Service Payment - Service provider name","index":"[omsmedb-1446]-ios-service-payment---service-provider-name;ac2---entity---service-provider-name-not-retrieved-from-cgd","scenarioName":"AC2 - Entity - Service provider name not retrieved from CGD","status":"passed"},
{"date":"2022-04-06T22:29:48.904Z","featureName":"[OMSMEDB-42] iOS Social Security Payment - From Account screen","index":"[omsmedb-42]-ios-social-security-payment---from-account-screen;ac1---from-accounts-list","scenarioName":"AC1 - From Accounts List","status":"passed"},
{"date":"2022-04-06T22:31:05.180Z","featureName":"[OMSMEDB-42] iOS Social Security Payment - From Account screen","index":"[omsmedb-42]-ios-social-security-payment---from-account-screen;ac3---discard-action---confirm","scenarioName":"AC3 - Discard Action - Confirm","status":"passed"},
{"date":"2022-04-06T22:32:29.946Z","featureName":"[OMSMEDB-42] iOS Social Security Payment - From Account screen","index":"[omsmedb-42]-ios-social-security-payment---from-account-screen;ac4---discard-action---cancel","scenarioName":"AC4 - Discard Action - Cancel","status":"passed"},
{"date":"2022-04-06T22:33:50.411Z","featureName":"[OMSMEDB-42] iOS Social Security Payment - From Account screen","index":"[omsmedb-42]-ios-social-security-payment---from-account-screen;ac5---search-action","scenarioName":"AC5 - Search Action","status":"passed"},
{"date":"2022-04-06T22:35:19.600Z","featureName":"[OMSMEDB-44] - iOS Social Security Payment - Payment Details","index":"[omsmedb-44]---ios-social-security-payment---payment-details;ac1---page-content-validations","scenarioName":"AC1 - Page Content Validations","status":"passed"},
{"date":"2022-04-06T22:36:58.422Z","featureName":"[OMSMEDB-45] iOS Social Security Payment - Review Payment Screen","index":"[omsmedb-45]-ios-social-security-payment---review-payment-screen;ac1---page-content-validations-and-payment-cancellation","scenarioName":"AC1 - Page Content Validations and Payment Cancellation","status":"passed"},
{"date":"2022-04-06T22:38:59.064Z","featureName":"[OMSMEDB-45] iOS Social Security Payment - Review Payment Screen","index":"[omsmedb-45]-ios-social-security-payment---review-payment-screen;ac2---page-content-validations-and-return-back","scenarioName":"AC2 - Page Content Validations and Return Back","status":"passed"},
{"date":"2022-04-06T22:41:09.492Z","featureName":"[OMSMEDB-280] - iOS Social Security Payments - Payment Execution Details","index":"[omsmedb-280]---ios-social-security-payments---payment-execution-details;ac1---page-content-validations","scenarioName":"AC1 - Page Content Validations","status":"passed"},
{"date":"2022-04-06T22:42:50.121Z","featureName":"[OMSMEDB-823] - iOS Social Security Payments - List Search","index":"[omsmedb-823]---ios-social-security-payments---list-search;ac1---search-icon","scenarioName":"AC1 - Search icon","status":"passed"},
{"date":"2022-04-06T22:44:02.738Z","featureName":"[OMSMEDB-1181] iOs State Payment - Payment Details","index":"[omsmedb-1181]-ios-state-payment---payment-details;ac1---page-content-validations","scenarioName":"AC1 - Page Content Validations","status":"passed"},
{"date":"2022-04-06T22:45:23.642Z","featureName":"[OMSMEDB-1182] iOS State Payment - From Account screen","index":"[omsmedb-1182]-ios-state-payment---from-account-screen;ac1---from-accounts-list","scenarioName":"AC1 - From Accounts List","status":"passed"},
{"date":"2022-04-06T22:46:39.247Z","featureName":"[OMSMEDB-1182] iOS State Payment - From Account screen","index":"[omsmedb-1182]-ios-state-payment---from-account-screen;ac2---discard-action---confirm","scenarioName":"AC2 - Discard Action - Confirm","status":"passed"},
{"date":"2022-04-06T22:48:01.749Z","featureName":"[OMSMEDB-1182] iOS State Payment - From Account screen","index":"[omsmedb-1182]-ios-state-payment---from-account-screen;ac3---discard-action---cancel","scenarioName":"AC3 - Discard Action - Cancel","status":"passed"},
{"date":"2022-04-06T22:49:20.767Z","featureName":"[OMSMEDB-1182] iOS State Payment - From Account screen","index":"[omsmedb-1182]-ios-state-payment---from-account-screen;ac4---search-action","scenarioName":"AC4 - Search Action","status":"passed"},
{"date":"2022-04-06T22:50:48.853Z","featureName":"[OMSMEDB-1183] iOS - State Payment - Execution  Details","index":"[omsmedb-1183]-ios---state-payment---execution--details;ac1---page-content-validations","scenarioName":"AC1 - Page Content Validations","status":"passed"},
{"date":"2022-04-06T22:52:11.591Z","featureName":"[OMSMEDB-1184] iOS State Payment - Review Screen","index":"[omsmedb-1184]-ios-state-payment---review-screen;ac1---page-content-validations","scenarioName":"AC1 - Page Content Validations","status":"passed"},
{"date":"2022-04-06T22:53:43.697Z","featureName":"[OMSMEDB-1184] iOS State Payment - Review Screen","index":"[omsmedb-1184]-ios-state-payment---review-screen;ac2---authentication-required---cancel-action","scenarioName":"AC2 - Authentication required - Cancel action","status":"passed"},
{"date":"2022-04-06T22:55:16.905Z","featureName":"[OMSMEDB-1184] iOS State Payment - Review Screen","index":"[omsmedb-1184]-ios-state-payment---review-screen;ac3---authentication-required---failed-validation","scenarioName":"AC3 - Authentication required - failed validation","status":"passed"},
{"date":"2022-04-06T22:56:51.807Z","featureName":"[OMSMEDB-1184] iOS State Payment - Review Screen","index":"[omsmedb-1184]-ios-state-payment---review-screen;ac4---authentication-required---failed-attempts","scenarioName":"AC4 - Authentication required - failed attempts","status":"failed"},
{"date":"2022-04-06T22:58:33.283Z","featureName":"[OMSMEDB-1186] iOS State Payment - Confirmation\\Failure Screen","index":"[omsmedb-1186]-ios-state-payment---confirmation\\failure-screen;ac1---confirmation-screen","scenarioName":"AC1 - Confirmation Screen","status":"passed"},
{"date":"2022-04-06T23:01:13.897Z","featureName":"[OMSMEDB-1372] iOS State Payment \u2013 Executed Payment Details screen","index":"[omsmedb-1372]-ios-state-payment-\u2013-executed-payment-details-screen;ac1---one-off-payments-list","scenarioName":"AC1 - One-off payments list","status":"failed"},
{"date":"2022-04-06T23:04:11.272Z","featureName":"[OMSMEDB-1677] iOs State Payment - Payment Details Retrieve Tax Type","index":"[omsmedb-1677]-ios-state-payment---payment-details-retrieve-tax-type;ac1---payment-reference---tax-type-retrieved-from-cgd","scenarioName":"AC1 - Payment reference - Tax type retrieved from CGD","status":"passed"},
{"date":"2022-04-06T23:05:35.688Z","featureName":"[OMSMEDB-1677] iOs State Payment - Payment Details Retrieve Tax Type","index":"[omsmedb-1677]-ios-state-payment---payment-details-retrieve-tax-type;ac2---payment-reference---tax-type-not-retrieved-from-cgd","scenarioName":"AC2 - Payment reference - Tax type not retrieved from CGD","status":"passed"},
{"date":"2022-04-06T23:08:03.918Z","featureName":"[OMSMEDB-16] iOS Transaction List Screen","index":"[omsmedb-16]-ios-transaction-list-screen;ac1---page-content","scenarioName":"AC1 - Page Content","status":"passed"},
{"date":"2022-04-06T23:10:02.953Z","featureName":"[OMSMEDB-80] iOS Transfers - One-off Transfer Details screen","index":"[omsmedb-80]-ios-transfers---one-off-transfer-details-screen;ac1---page-content---one-off","scenarioName":"AC1 - Page Content - One-off","status":"passed"},
{"date":"2022-04-06T23:11:34.969Z","featureName":"[OMSMEDB-80] iOS Transfers - One-off Transfer Details screen","index":"[omsmedb-80]-ios-transfers---one-off-transfer-details-screen;ac2---page-content---standing-orders","scenarioName":"AC2 - Page Content - Standing Orders","status":"passed"},
{"date":"2022-04-06T23:13:41.431Z","featureName":"[OMSMEDB-81] iOS Standing orders - Details screen","index":"[omsmedb-81]-ios-standing-orders---details-screen;ac1---page-content","scenarioName":"AC1 - Page Content","status":"passed"},
{"date":"2022-04-06T23:15:50.309Z","featureName":"[OMSMEDB-31] iOS Domestic Transfer - Select New Transfer","index":"[omsmedb-31]-ios-domestic-transfer---select-new-transfer;ac1---new-transfer","scenarioName":"AC1 - New Transfer","status":"passed"},
{"date":"2022-04-06T23:17:15.984Z","featureName":"[OMSMEDB-32] iOS Domestic Transfer - From Account screen","index":"[omsmedb-32]-ios-domestic-transfer---from-account-screen;ac1---from-accounts-list","scenarioName":"AC1 - From Accounts List","status":"passed"},
{"date":"2022-04-06T23:18:39.746Z","featureName":"[OMSMEDB-32] iOS Domestic Transfer - From Account screen","index":"[omsmedb-32]-ios-domestic-transfer---from-account-screen;ac3---discard-action","scenarioName":"AC3 - Discard Action","status":"passed"},
{"date":"2022-04-06T23:20:03.815Z","featureName":"[OMSMEDB-32] iOS Domestic Transfer - From Account screen","index":"[omsmedb-32]-ios-domestic-transfer---from-account-screen;ac4---search-action","scenarioName":"AC4 - Search Action","status":"passed"},
{"date":"2022-04-06T23:21:30.705Z","featureName":"[OMSMEDB-32] iOS Domestic Transfer - From Account screen","index":"[omsmedb-32]-ios-domestic-transfer---from-account-screen;ac5---search---no-results-found","scenarioName":"AC5 - Search - No Results Found","status":"passed"},
{"date":"2022-04-06T23:23:06.052Z","featureName":"[OMSMEDB-33] iOS Domestic Transfer - Confirmation\\Failure Payment Screen","index":"[omsmedb-33]-ios-domestic-transfer---confirmation\\failure-payment-screen;ac1---confirmation-screen","scenarioName":"AC1 - Confirmation Screen","status":"passed"},
{"date":"2022-04-06T23:26:31.011Z","featureName":"[OMSMEDB-35] iOS Domestic Transfer - Payment Details","index":"[omsmedb-35]-ios-domestic-transfer---payment-details;ac1---page-content-validations","scenarioName":"AC1 - Page Content Validations","status":"passed"},
{"date":"2022-04-06T23:28:13.063Z","featureName":"[OMSMEDB-147] iOS Domestic Transfer - Execution Details","index":"[omsmedb-147]-ios-domestic-transfer---execution-details;ac1---page-content-validations","scenarioName":"AC1 - Page Content Validations","status":"passed"},
{"date":"2022-04-06T23:29:43.199Z","featureName":"[OMSMEDB-150] iOS International Transfer - From Account screen","index":"[omsmedb-150]-ios-international-transfer---from-account-screen;ac1---discard-action\\confirm-action","scenarioName":"AC1 - Discard Action\\Confirm Action","status":"passed"},
{"date":"2022-04-06T23:31:15.946Z","featureName":"[OMSMEDB-150] iOS International Transfer - From Account screen","index":"[omsmedb-150]-ios-international-transfer---from-account-screen;ac2---discard-action\\does-not-confirm-action","scenarioName":"AC2 - Discard Action\\Does not Confirm Action","status":"passed"},
{"date":"2022-04-06T23:32:40.231Z","featureName":"[OMSMEDB-150] iOS International Transfer - From Account screen","index":"[omsmedb-150]-ios-international-transfer---from-account-screen;ac3---search-action","scenarioName":"AC3 - Search Action","status":"passed"},
{"date":"2022-04-06T23:34:16.301Z","featureName":"[OMSMEDB-150] iOS International Transfer - From Account screen","index":"[omsmedb-150]-ios-international-transfer---from-account-screen;ac4---search---no-results-found","scenarioName":"AC4 - Search - No Results Found","status":"passed"},
{"date":"2022-04-06T23:35:46.683Z","featureName":"[OMSMEDB-151] iOS International Transfer - Select Beneficiary screen","index":"[omsmedb-151]-ios-international-transfer---select-beneficiary-screen;ac1---beneficiaries-list","scenarioName":"AC1 - Beneficiaries List","status":"passed"},
{"date":"2022-04-06T23:37:01.663Z","featureName":"[OMSMEDB-151] iOS International Transfer - Select Beneficiary screen","index":"[omsmedb-151]-ios-international-transfer---select-beneficiary-screen;ac2---discard-action","scenarioName":"AC2 - Discard Action","status":"passed"},
{"date":"2022-04-06T23:38:36.841Z","featureName":"[OMSMEDB-151] iOS International Transfer - Select Beneficiary screen","index":"[omsmedb-151]-ios-international-transfer---select-beneficiary-screen;ac3---search-action","scenarioName":"AC3 - Search Action","status":"passed"},
{"date":"2022-04-06T23:41:36.716Z","featureName":"[OMSMEDB-151] iOS International Transfer - Select Beneficiary screen","index":"[omsmedb-151]-ios-international-transfer---select-beneficiary-screen;ac4---search---no-results-found","scenarioName":"AC4 - Search - No Results Found","status":"passed"},
{"date":"2022-04-06T23:43:15.049Z","featureName":"[OMSMEDB-152] iOS International Transfer - Pay to other Beneficiary","index":"[omsmedb-152]-ios-international-transfer---pay-to-other-beneficiary;ac1---page-content-and-fields-validation","scenarioName":"AC1 - Page Content and Fields Validation","status":"passed"},
{"date":"2022-04-06T23:45:32.047Z","featureName":"[OMSMEDB-153] iOS International Transfer - Add Beneficiary to the list","index":"[omsmedb-153]-ios-international-transfer---add-beneficiary-to-the-list;ac1---pay-new-beneficiary-and-do-not-add-it-to-the-list","scenarioName":"AC1 - Pay new Beneficiary and do not add it to the list","status":"passed"},
{"date":"2022-04-06T23:47:12.103Z","featureName":"[OMSMEDB-154] iOS International Transfer - Payment Details","index":"[omsmedb-154]-ios-international-transfer---payment-details;ac1---page-content-validations","scenarioName":"AC1 - Page Content Validations","status":"passed"},
{"date":"2022-04-06T23:48:48.719Z","featureName":"[OMSMEDB-155] iOS International Transfer - Payment Execution Details","index":"[omsmedb-155]-ios-international-transfer---payment-execution-details;ac1---page-content-validations","scenarioName":"AC1 - Page Content Validations","status":"passed"},
{"date":"2022-04-06T23:50:27.620Z","featureName":"[OMSMEDB-159] iOS International Transfer - Confirmation-Failure Payment Screen","index":"[omsmedb-159]-ios-international-transfer---confirmation-failure-payment-screen;ac1---confirmation-screen","scenarioName":"AC1 - Confirmation Screen","status":"passed"},
{"date":"2022-04-06T23:54:35.990Z","featureName":"[OMSMEDB-25] iOS Intra Company Transfer - Select New Payment","index":"[omsmedb-25]-ios-intra-company-transfer---select-new-payment;ac1---new-transfer","scenarioName":"AC1 - New Transfer","status":"passed"},
{"date":"2022-04-06T23:55:57.632Z","featureName":"[OMSMEDB-26] iOS Intra Company Transfer - From Account screen","index":"[omsmedb-26]-ios-intra-company-transfer---from-account-screen;ac2---discard-action---confirm","scenarioName":"AC2 - Discard Action - Confirm","status":"passed"},
{"date":"2022-04-06T23:57:27.328Z","featureName":"[OMSMEDB-26] iOS Intra Company Transfer - From Account screen","index":"[omsmedb-26]-ios-intra-company-transfer---from-account-screen;ac3---discard-action---doesn-t-confirm","scenarioName":"AC3 - Discard Action - Doesn't Confirm","status":"passed"},
{"date":"2022-04-06T23:58:52.888Z","featureName":"[OMSMEDB-26] iOS Intra Company Transfer - From Account screen","index":"[omsmedb-26]-ios-intra-company-transfer---from-account-screen;ac4---search-action","scenarioName":"AC4 - Search Action","status":"passed"},
{"date":"2022-04-07T00:00:27.498Z","featureName":"[OMSMEDB-26] iOS Intra Company Transfer - From Account screen","index":"[omsmedb-26]-ios-intra-company-transfer---from-account-screen;ac5---search---no-results-found","scenarioName":"AC5 - Search - No Results Found","status":"passed"},
{"date":"2022-04-07T00:02:01.585Z","featureName":"[OMSMEDB-27] iOS Intra Company Transfer - To Account screen","index":"[omsmedb-27]-ios-intra-company-transfer---to-account-screen;ac1---to-accounts-list","scenarioName":"AC1 - To Accounts List","status":"passed"},
{"date":"2022-04-07T00:03:22.924Z","featureName":"[OMSMEDB-27] iOS Intra Company Transfer - To Account screen","index":"[omsmedb-27]-ios-intra-company-transfer---to-account-screen;ac3---discard-action---confirm","scenarioName":"AC3 - Discard Action - Confirm","status":"passed"},
{"date":"2022-04-07T00:04:59.820Z","featureName":"[OMSMEDB-27] iOS Intra Company Transfer - To Account screen","index":"[omsmedb-27]-ios-intra-company-transfer---to-account-screen;ac4---discard-action---doesn-t-confirm","scenarioName":"AC4 - Discard Action - Doesn't Confirm","status":"passed"},
{"date":"2022-04-07T00:06:28.322Z","featureName":"[OMSMEDB-27] iOS Intra Company Transfer - To Account screen","index":"[omsmedb-27]-ios-intra-company-transfer---to-account-screen;ac5---search-action","scenarioName":"AC5 - Search Action","status":"passed"}]
