[{"date":"2022-03-18T21:54:55.281Z","featureName":"[OMSMEDB-11] iOS Dashboard - Accounts List","index":"[omsmedb-11]-ios-dashboard---accounts-list;ac1---page-content","scenarioName":"AC1 - Page Content","status":"failed"},
{"date":"2022-03-18T21:56:23.906Z","featureName":"[OMSMEDB-12] iOS Pin Account as favorite","index":"[omsmedb-12]-ios-pin-account-as-favorite;ac1---pin-to-favorite-list","scenarioName":"AC1 - Pin to favorite list","status":"passed"},
{"date":"2022-03-18T21:57:21.724Z","featureName":"[OMSMEDB-12] iOS Pin Account as favorite","index":"[omsmedb-12]-ios-pin-account-as-favorite;ac2---remove-from-favorite-list","scenarioName":"AC2 - Remove from favorite list","status":"passed"},
{"date":"2022-03-18T21:58:23.027Z","featureName":"[OMSMEDB-14] iOS Account List Search","index":"[omsmedb-14]-ios-account-list-search;ac1---search-icon","scenarioName":"AC1 - Search icon","status":"passed"},
{"date":"2022-03-18T21:59:21.886Z","featureName":"[OMSMEDB-14] iOS Account List Search","index":"[omsmedb-14]-ios-account-list-search;ac2---search-criteria","scenarioName":"AC2 - Search criteria","status":"passed"},
{"date":"2022-03-18T22:00:27.184Z","featureName":"[OMSMEDB-14] iOS Account List Search","index":"[omsmedb-14]-ios-account-list-search;ac3---no-results-found","scenarioName":"AC3 - No Results Found","status":"passed"},
{"date":"2022-03-18T22:01:29.452Z","featureName":"[OMSMEDB-15] iOS Account Details","index":"[omsmedb-15]-ios-account-details;ac1---page-content","scenarioName":"AC1 - Page Content","status":"passed"},
{"date":"2022-03-18T22:03:25.043Z","featureName":"[OMSMEDB-72] iOS Accounts list and Transactions list - Balance trend","index":"[omsmedb-72]-ios-accounts-list-and-transactions-list---balance-trend;ac2---transactions-list---balance-trend","scenarioName":"AC2 - Transactions list - Balance trend","status":"passed"},
{"date":"2022-03-18T22:05:24.253Z","featureName":"[OMSMEDB-50] iOS Cards List - Lock\\Unlock Cards","index":"[omsmedb-50]-ios-cards-list---lock\\unlock-cards;ac1---lock-card","scenarioName":"AC1 - Lock Card","status":"passed"},
{"date":"2022-03-18T22:06:35.400Z","featureName":"[OMSMEDB-50] iOS Cards List - Lock\\Unlock Cards","index":"[omsmedb-50]-ios-cards-list---lock\\unlock-cards;ac2---unlock-card","scenarioName":"AC2 - Unlock Card","status":"passed"},
{"date":"2022-03-18T22:07:41.554Z","featureName":"[OMSMEDB-122] iOS Tab Menu","index":"[omsmedb-122]-ios-tab-menu;ac1--ac2--ac3-and-ac4---page-content","scenarioName":"AC1, AC2, AC3 and AC4 - Page Content","status":"failed"},
{"date":"2022-03-18T22:08:51.022Z","featureName":"[OMSMEDB-454] iOS Payments - One-off and Recurrent Payments List","index":"[omsmedb-454]-ios-payments---one-off-and-recurrent-payments-list;ac1---one-off-payments-list","scenarioName":"AC1 - One-off payments list","status":"passed"},
{"date":"2022-03-18T22:12:43.564Z","featureName":"[OMSMEDB-454] iOS Payments - One-off and Recurrent Payments List","index":"[omsmedb-454]-ios-payments---one-off-and-recurrent-payments-list;ac2---recurrent-payments-list","scenarioName":"AC2 - Recurrent payments list","status":"passed"},
{"date":"2022-03-18T22:15:11.790Z","featureName":"[OMSMEDB-1064] iOS Service Payment - Select New Payment","index":"[omsmedb-1064]-ios-service-payment---select-new-payment;ac1---page-content-validations","scenarioName":"AC1 - Page Content Validations","status":"passed"},
{"date":"2022-03-18T22:21:17.913Z","featureName":"[OMSMEDB-466] iOS Service Payment - Confirmation\/Failure Payment Screen","index":"[omsmedb-466]-ios-service-payment---confirmation\/failure-payment-screen;ac1---authentication-required---confirmation-screen","scenarioName":"AC1 - Authentication required - Confirmation Screen","status":"failed"},
{"date":"2022-03-18T22:24:07.693Z","featureName":"[OMSMEDB-466] iOS Service Payment - Confirmation\/Failure Payment Screen","index":"[omsmedb-466]-ios-service-payment---confirmation\/failure-payment-screen;ac2---authentication-required---failure-screen","scenarioName":"AC2 - Authentication required - Failure Screen","status":"failed"},
{"date":"2022-03-18T22:26:56.566Z","featureName":"[OMSMEDB-1078] iOS Service Payment - From Account Screen","index":"[omsmedb-1078]-ios-service-payment---from-account-screen;ac1---from-accounts-list","scenarioName":"AC1 - From Accounts List","status":"passed"},
{"date":"2022-03-18T22:28:21.968Z","featureName":"[OMSMEDB-1078] iOS Service Payment - From Account Screen","index":"[omsmedb-1078]-ios-service-payment---from-account-screen;ac3---discard-action---confirm","scenarioName":"AC3 - Discard Action - Confirm","status":"passed"},
{"date":"2022-03-18T22:29:56.990Z","featureName":"[OMSMEDB-1078] iOS Service Payment - From Account Screen","index":"[omsmedb-1078]-ios-service-payment---from-account-screen;ac4---discard-action---cancel","scenarioName":"AC4 - Discard Action - Cancel","status":"passed"},
{"date":"2022-03-18T22:31:27.017Z","featureName":"[OMSMEDB-1078] iOS Service Payment - From Account Screen","index":"[omsmedb-1078]-ios-service-payment---from-account-screen;ac5---search-action","scenarioName":"AC5 - Search Action","status":"passed"},
{"date":"2022-03-18T22:32:57.011Z","featureName":"[OMSMEDB-1079] iOS Service Payment - Execution Details","index":"[omsmedb-1079]-ios-service-payment---execution-details;ac1---page-content-validations","scenarioName":"AC1 - Page Content Validations","status":"passed"},
{"date":"2022-03-18T22:34:34.999Z","featureName":"[OMSMEDB-1082] iOS Service Payment - Payment Details","index":"[omsmedb-1082]-ios-service-payment---payment-details;ac1---page-content-validations","scenarioName":"AC1 - Page Content Validations","status":"passed"},
{"date":"2022-03-18T22:36:15.878Z","featureName":"[OMSMEDB-1446] iOS Service Payment - Service provider name","index":"[omsmedb-1446]-ios-service-payment---service-provider-name;ac1---entity---service-provider-name-retrieved-from-cgd","scenarioName":"AC1 - Entity - Service provider name retrieved from CGD","status":"failed"},
{"date":"2022-03-18T22:39:01.535Z","featureName":"[OMSMEDB-1446] iOS Service Payment - Service provider name","index":"[omsmedb-1446]-ios-service-payment---service-provider-name;ac2---entity---service-provider-name-not-retrieved-from-cgd","scenarioName":"AC2 - Entity - Service provider name not retrieved from CGD","status":"passed"},
{"date":"2022-03-18T22:41:42.948Z","featureName":"[OMSMEDB-42] iOS Social Security Payment - From Account screen","index":"[omsmedb-42]-ios-social-security-payment---from-account-screen;ac1---from-accounts-list","scenarioName":"AC1 - From Accounts List","status":"passed"},
{"date":"2022-03-18T22:43:06.694Z","featureName":"[OMSMEDB-42] iOS Social Security Payment - From Account screen","index":"[omsmedb-42]-ios-social-security-payment---from-account-screen;ac3---discard-action---confirm","scenarioName":"AC3 - Discard Action - Confirm","status":"passed"},
{"date":"2022-03-18T22:44:40.523Z","featureName":"[OMSMEDB-42] iOS Social Security Payment - From Account screen","index":"[omsmedb-42]-ios-social-security-payment---from-account-screen;ac4---discard-action---cancel","scenarioName":"AC4 - Discard Action - Cancel","status":"passed"},
{"date":"2022-03-18T22:46:06.497Z","featureName":"[OMSMEDB-42] iOS Social Security Payment - From Account screen","index":"[omsmedb-42]-ios-social-security-payment---from-account-screen;ac5---search-action","scenarioName":"AC5 - Search Action","status":"passed"},
{"date":"2022-03-18T22:47:31.768Z","featureName":"[OMSMEDB-44] - iOS Social Security Payment - Payment Details","index":"[omsmedb-44]---ios-social-security-payment---payment-details;ac1---page-content-validations","scenarioName":"AC1 - Page Content Validations","status":"passed"},
{"date":"2022-03-18T22:49:21.405Z","featureName":"[OMSMEDB-45] iOS Social Security Payment - Review Payment Screen","index":"[omsmedb-45]-ios-social-security-payment---review-payment-screen;ac1---page-content-validations-and-payment-cancellation","scenarioName":"AC1 - Page Content Validations and Payment Cancellation","status":"passed"},
{"date":"2022-03-18T22:51:32.290Z","featureName":"[OMSMEDB-45] iOS Social Security Payment - Review Payment Screen","index":"[omsmedb-45]-ios-social-security-payment---review-payment-screen;ac2---page-content-validations-and-return-back","scenarioName":"AC2 - Page Content Validations and Return Back","status":"passed"},
{"date":"2022-03-18T22:53:58.143Z","featureName":"[OMSMEDB-280] - iOS Social Security Payments - Payment Execution Details","index":"[omsmedb-280]---ios-social-security-payments---payment-execution-details;ac1---page-content-validations","scenarioName":"AC1 - Page Content Validations","status":"passed"},
{"date":"2022-03-18T22:55:48.244Z","featureName":"[OMSMEDB-823] - iOS Social Security Payments - List Search","index":"[omsmedb-823]---ios-social-security-payments---list-search;ac1---search-icon","scenarioName":"AC1 - Search icon","status":"passed"},
{"date":"2022-03-18T22:56:57.140Z","featureName":"[OMSMEDB-823] - iOS Social Security Payments - List Search","index":"[omsmedb-823]---ios-social-security-payments---list-search;ac2---no-results-found","scenarioName":"AC2 - No Results Found","status":"passed"},
{"date":"2022-03-18T22:58:09.267Z","featureName":"[OMSMEDB-16] iOS Transaction List Screen","index":"[omsmedb-16]-ios-transaction-list-screen;ac1---page-content","scenarioName":"AC1 - Page Content","status":"passed"},
{"date":"2022-03-18T23:00:12.536Z","featureName":"[OMSMEDB-80] iOS Transfers - One-off Transfer Details screen","index":"[omsmedb-80]-ios-transfers---one-off-transfer-details-screen;ac1---page-content---one-off","scenarioName":"AC1 - Page Content - One-off","status":"passed"},
{"date":"2022-03-18T23:02:16.529Z","featureName":"[OMSMEDB-80] iOS Transfers - One-off Transfer Details screen","index":"[omsmedb-80]-ios-transfers---one-off-transfer-details-screen;ac2---page-content---standing-orders","scenarioName":"AC2 - Page Content - Standing Orders","status":"failed"},
{"date":"2022-03-18T23:04:17.569Z","featureName":"[OMSMEDB-81] iOS Standing orders - Details screen","index":"[omsmedb-81]-ios-standing-orders---details-screen;ac1---page-content","scenarioName":"AC1 - Page Content","status":"failed"},
{"date":"2022-03-18T23:06:18.895Z","featureName":"[OMSMEDB-31] iOS Domestic Transfer - Select New Tran","index":"[omsmedb-31]-ios-domestic-transfer---select-new-tran;ac1---new-transfer","scenarioName":"AC1 - New Transfer","status":"passed"},
{"date":"2022-03-18T23:07:42.443Z","featureName":"[OMSMEDB-32] iOS Domestic Transfer - From Account screen","index":"[omsmedb-32]-ios-domestic-transfer---from-account-screen;ac1---from-accounts-list","scenarioName":"AC1 - From Accounts List","status":"passed"},
{"date":"2022-03-18T23:09:00.900Z","featureName":"[OMSMEDB-32] iOS Domestic Transfer - From Account screen","index":"[omsmedb-32]-ios-domestic-transfer---from-account-screen;ac3---discard-action","scenarioName":"AC3 - Discard Action","status":"passed"},
{"date":"2022-03-18T23:10:30.278Z","featureName":"[OMSMEDB-32] iOS Domestic Transfer - From Account screen","index":"[omsmedb-32]-ios-domestic-transfer---from-account-screen;ac4---search-action","scenarioName":"AC4 - Search Action","status":"passed"},
{"date":"2022-03-18T23:11:51.466Z","featureName":"[OMSMEDB-32] iOS Domestic Transfer - From Account screen","index":"[omsmedb-32]-ios-domestic-transfer---from-account-screen;ac5---search---no-results-found","scenarioName":"AC5 - Search - No Results Found","status":"passed"},
{"date":"2022-03-18T23:13:21.404Z","featureName":"[OMSMEDB-33] iOS Domestic Transfer - Confirmation\\Failure Payment Screen","index":"[omsmedb-33]-ios-domestic-transfer---confirmation\\failure-payment-screen;ac1---confirmation-screen","scenarioName":"AC1 - Confirmation Screen","status":"passed"},
{"date":"2022-03-18T23:16:55.472Z","featureName":"[OMSMEDB-35] iOS Domestic Transfer - Payment Details","index":"[omsmedb-35]-ios-domestic-transfer---payment-details;ac1---page-content-validations","scenarioName":"AC1 - Page Content Validations","status":"passed"},
{"date":"2022-03-18T23:18:26.866Z","featureName":"[OMSMEDB-147] iOS Domestic Transfer - Execution Details","index":"[omsmedb-147]-ios-domestic-transfer---execution-details;ac1---page-content-validations","scenarioName":"AC1 - Page Content Validations","status":"passed"},
{"date":"2022-03-18T23:20:02.820Z","featureName":"[OMSMEDB-150] iOS International Transfer - From Account screen","index":"[omsmedb-150]-ios-international-transfer---from-account-screen;ac1---discard-action","scenarioName":"AC1 - Discard Action","status":"passed"},
{"date":"2022-03-18T23:21:40.116Z","featureName":"[OMSMEDB-150] iOS International Transfer - From Account screen","index":"[omsmedb-150]-ios-international-transfer---from-account-screen;ac2---discard-action","scenarioName":"AC2 - Discard Action","status":"passed"},
{"date":"2022-03-18T23:23:10.235Z","featureName":"[OMSMEDB-150] iOS International Transfer - From Account screen","index":"[omsmedb-150]-ios-international-transfer---from-account-screen;ac3---search-action","scenarioName":"AC3 - Search Action","status":"passed"},
{"date":"2022-03-18T23:24:40.004Z","featureName":"[OMSMEDB-150] iOS International Transfer - From Account screen","index":"[omsmedb-150]-ios-international-transfer---from-account-screen;ac4---search---no-results-found","scenarioName":"AC4 - Search - No Results Found","status":"passed"},
{"date":"2022-03-18T23:26:22.725Z","featureName":"[OMSMEDB-151] iOS International Transfer - Select Beneficiary screen","index":"[omsmedb-151]-ios-international-transfer---select-beneficiary-screen;ac1---beneficiaries-list","scenarioName":"AC1 - Beneficiaries List","status":"passed"},
{"date":"2022-03-18T23:27:45.284Z","featureName":"[OMSMEDB-151] iOS International Transfer - Select Beneficiary screen","index":"[omsmedb-151]-ios-international-transfer---select-beneficiary-screen;ac2---discard-action","scenarioName":"AC2 - Discard Action","status":"passed"},
{"date":"2022-03-18T23:29:26.770Z","featureName":"[OMSMEDB-151] iOS International Transfer - Select Beneficiary screen","index":"[omsmedb-151]-ios-international-transfer---select-beneficiary-screen;ac3---search-action","scenarioName":"AC3 - Search Action","status":"passed"},
{"date":"2022-03-18T23:31:02.674Z","featureName":"[OMSMEDB-151] iOS International Transfer - Select Beneficiary screen","index":"[omsmedb-151]-ios-international-transfer---select-beneficiary-screen;ac4---search---no-results-found","scenarioName":"AC4 - Search - No Results Found","status":"passed"},
{"date":"2022-03-18T23:32:44.662Z","featureName":"[OMSMEDB-152] iOS International Transfer - Pay to other Beneficiary","index":"[omsmedb-152]-ios-international-transfer---pay-to-other-beneficiary;ac1---page-content-and-fields-validation","scenarioName":"AC1 - Page Content and Fields Validation","status":"passed"},
{"date":"2022-03-18T23:35:08.579Z","featureName":"[OMSMEDB-153] iOS International Transfer - Add Beneficiary to the list","index":"[omsmedb-153]-ios-international-transfer---add-beneficiary-to-the-list;ac1---pay-new-beneficiary-and-do-not-add-it-to-the-list","scenarioName":"AC1 - Pay new Beneficiary and do not add it to the list","status":"passed"},
{"date":"2022-03-18T23:36:59.298Z","featureName":"[OMSMEDB-154] iOS International Transfer - Payment Details","index":"[omsmedb-154]-ios-international-transfer---payment-details;ac1---page-content-validations","scenarioName":"AC1 - Page Content Validations","status":"passed"},
{"date":"2022-03-18T23:38:36.749Z","featureName":"[OMSMEDB-155] iOS International Transfer - Payment Execution Details","index":"[omsmedb-155]-ios-international-transfer---payment-execution-details;ac1---page-content-validations","scenarioName":"AC1 - Page Content Validations","status":"passed"},
{"date":"2022-03-18T23:40:19.211Z","featureName":"[OMSMEDB-159] iOS International Transfer - Confirmation-Failure Payment Screen","index":"[omsmedb-159]-ios-international-transfer---confirmation-failure-payment-screen;ac1---confirmation-screen","scenarioName":"AC1 - Confirmation Screen","status":"passed"},
{"date":"2022-03-18T23:44:29.032Z","featureName":"[OMSMEDB-25] iOS Intra Company Transfer - Select New Payment","index":"[omsmedb-25]-ios-intra-company-transfer---select-new-payment;ac1---new-transfer","scenarioName":"AC1 - New Transfer","status":"passed"},
{"date":"2022-03-18T23:45:54.929Z","featureName":"[OMSMEDB-26] iOS Intra Company Transfer - From Account screen","index":"[omsmedb-26]-ios-intra-company-transfer---from-account-screen;ac2---discard-action","scenarioName":"AC2 - Discard Action","status":"passed"},
{"date":"2022-03-18T23:47:33.836Z","featureName":"[OMSMEDB-26] iOS Intra Company Transfer - From Account screen","index":"[omsmedb-26]-ios-intra-company-transfer---from-account-screen;ac3---discard-action","scenarioName":"AC3 - Discard Action","status":"passed"},
{"date":"2022-03-18T23:49:05.563Z","featureName":"[OMSMEDB-26] iOS Intra Company Transfer - From Account screen","index":"[omsmedb-26]-ios-intra-company-transfer---from-account-screen;ac4---search-action","scenarioName":"AC4 - Search Action","status":"passed"},
{"date":"2022-03-18T23:50:35.594Z","featureName":"[OMSMEDB-26] iOS Intra Company Transfer - From Account screen","index":"[omsmedb-26]-ios-intra-company-transfer---from-account-screen;ac5---search---no-results-found","scenarioName":"AC5 - Search - No Results Found","status":"passed"},
{"date":"2022-03-18T23:52:14.974Z","featureName":"[OMSMEDB-27] iOS Intra Company Transfer - To Account screen","index":"[omsmedb-27]-ios-intra-company-transfer---to-account-screen;ac1---to-accounts-list","scenarioName":"AC1 - To Accounts List","status":"passed"},
{"date":"2022-03-18T23:53:45.404Z","featureName":"[OMSMEDB-27] iOS Intra Company Transfer - To Account screen","index":"[omsmedb-27]-ios-intra-company-transfer---to-account-screen;ac3---discard-action","scenarioName":"AC3 - Discard Action","status":"passed"},
{"date":"2022-03-18T23:55:23.142Z","featureName":"[OMSMEDB-27] iOS Intra Company Transfer - To Account screen","index":"[omsmedb-27]-ios-intra-company-transfer---to-account-screen;ac4---discard-action","scenarioName":"AC4 - Discard Action","status":"passed"},
{"date":"2022-03-18T23:56:56.116Z","featureName":"[OMSMEDB-27] iOS Intra Company Transfer - To Account screen","index":"[omsmedb-27]-ios-intra-company-transfer---to-account-screen;ac5---search-action","scenarioName":"AC5 - Search Action","status":"passed"}]
