[{"date":"2022-03-29T18:13:42.295Z","featureName":"[OMSMEDB-11] iOS Dashboard - Accounts List","index":"[omsmedb-11]-ios-dashboard---accounts-list;ac1---page-content","scenarioName":"AC1 - Page Content","status":"passed"},
{"date":"2022-03-29T18:14:49.236Z","featureName":"[OMSMEDB-12] iOS Pin Account as favorite","index":"[omsmedb-12]-ios-pin-account-as-favorite;ac1---pin-to-favorite-list","scenarioName":"AC1 - Pin to favorite list","status":"passed"},
{"date":"2022-03-29T18:15:51.935Z","featureName":"[OMSMEDB-12] iOS Pin Account as favorite","index":"[omsmedb-12]-ios-pin-account-as-favorite;ac2---remove-from-favorite-list","scenarioName":"AC2 - Remove from favorite list","status":"passed"},
{"date":"2022-03-29T18:16:48.961Z","featureName":"[OMSMEDB-14] iOS Account List Search","index":"[omsmedb-14]-ios-account-list-search;ac1---search-icon","scenarioName":"AC1 - Search icon","status":"passed"},
{"date":"2022-03-29T18:17:50.151Z","featureName":"[OMSMEDB-14] iOS Account List Search","index":"[omsmedb-14]-ios-account-list-search;ac2---search-criteria","scenarioName":"AC2 - Search criteria","status":"passed"},
{"date":"2022-03-29T18:18:54.844Z","featureName":"[OMSMEDB-14] iOS Account List Search","index":"[omsmedb-14]-ios-account-list-search;ac3---no-results-found","scenarioName":"AC3 - No Results Found","status":"passed"},
{"date":"2022-03-29T18:19:53.599Z","featureName":"[OMSMEDB-15] iOS Account Details","index":"[omsmedb-15]-ios-account-details;ac1---page-content","scenarioName":"AC1 - Page Content","status":"passed"},
{"date":"2022-03-29T18:21:47.630Z","featureName":"[OMSMEDB-72] iOS Accounts list and Transactions list - Balance trend","index":"[omsmedb-72]-ios-accounts-list-and-transactions-list---balance-trend;ac2---transactions-list---balance-trend","scenarioName":"AC2 - Transactions list - Balance trend","status":"passed"},
{"date":"2022-03-29T18:23:39.361Z","featureName":"[OMSMEDB-50] iOS Cards List - Lock\\Unlock Cards","index":"[omsmedb-50]-ios-cards-list---lock\\unlock-cards;ac1---lock-card","scenarioName":"AC1 - Lock Card","status":"passed"},
{"date":"2022-03-29T18:24:43.668Z","featureName":"[OMSMEDB-50] iOS Cards List - Lock\\Unlock Cards","index":"[omsmedb-50]-ios-cards-list---lock\\unlock-cards;ac2---unlock-card","scenarioName":"AC2 - Unlock Card","status":"passed"},
{"date":"2022-03-29T18:25:41.963Z","featureName":"[OMSMEDB-122] iOS Tab Menu","index":"[omsmedb-122]-ios-tab-menu;ac1---menu-bottom-and-page-contents","scenarioName":"AC1 - Menu Bottom and Page Contents","status":"passed"},
{"date":"2022-03-29T18:26:56.261Z","featureName":"[OMSMEDB-454] iOS Payments - One-off and Recurrent Payments List","index":"[omsmedb-454]-ios-payments---one-off-and-recurrent-payments-list;ac1---one-off-payments-list","scenarioName":"AC1 - One-off payments list","status":"passed"},
{"date":"2022-03-29T18:29:28.344Z","featureName":"[OMSMEDB-454] iOS Payments - One-off and Recurrent Payments List","index":"[omsmedb-454]-ios-payments---one-off-and-recurrent-payments-list;ac2---recurrent-payments-list","scenarioName":"AC2 - Recurrent payments list","status":"passed"},
{"date":"2022-03-29T18:31:50.189Z","featureName":"[OMSMEDB-1064] iOS Service Payment - Select New Payment","index":"[omsmedb-1064]-ios-service-payment---select-new-payment;ac1---page-content-validations","scenarioName":"AC1 - Page Content Validations","status":"passed"},
{"date":"2022-03-29T18:36:05.767Z","featureName":"[OMSMEDB-466] iOS Service Payment - Confirmation\\Failure Payment Screen","index":"[omsmedb-466]-ios-service-payment---confirmation\\failure-payment-screen;ac1---authentication-required---confirmation-screen","scenarioName":"AC1 - Authentication required - Confirmation Screen","status":"passed"},
{"date":"2022-03-29T18:38:41.586Z","featureName":"[OMSMEDB-732] iOS Service Payment - Payment Review","index":"[omsmedb-732]-ios-service-payment---payment-review;ac1---page-content-validations","scenarioName":"AC1 - Page Content Validations","status":"passed"},
{"date":"2022-03-29T18:40:21.851Z","featureName":"[OMSMEDB-732] iOS Service Payment - Payment Review","index":"[omsmedb-732]-ios-service-payment---payment-review;ac2---authentication-required---cancel-action","scenarioName":"AC2 - Authentication required - Cancel action","status":"passed"},
{"date":"2022-03-29T18:41:54.892Z","featureName":"[OMSMEDB-732] iOS Service Payment - Payment Review","index":"[omsmedb-732]-ios-service-payment---payment-review;ac3---authentication-required---failed-validation","scenarioName":"AC3 - Authentication required - failed validation","status":"passed"},
{"date":"2022-03-29T18:43:27.883Z","featureName":"[OMSMEDB-732] iOS Service Payment - Payment Review","index":"[omsmedb-732]-ios-service-payment---payment-review;ac4---authentication-required---failed-attempts","scenarioName":"AC4 - Authentication required - failed attempts","status":"failed"},
{"date":"2022-03-29T18:45:08.677Z","featureName":"[OMSMEDB-1078] iOS Service Payment - From Account Screen","index":"[omsmedb-1078]-ios-service-payment---from-account-screen;ac1---from-accounts-list","scenarioName":"AC1 - From Accounts List","status":"passed"},
{"date":"2022-03-29T18:46:24.637Z","featureName":"[OMSMEDB-1078] iOS Service Payment - From Account Screen","index":"[omsmedb-1078]-ios-service-payment---from-account-screen;ac3---discard-action---confirm","scenarioName":"AC3 - Discard Action - Confirm","status":"passed"},
{"date":"2022-03-29T18:47:50.386Z","featureName":"[OMSMEDB-1078] iOS Service Payment - From Account Screen","index":"[omsmedb-1078]-ios-service-payment---from-account-screen;ac4---discard-action---cancel","scenarioName":"AC4 - Discard Action - Cancel","status":"passed"},
{"date":"2022-03-29T18:49:06.622Z","featureName":"[OMSMEDB-1078] iOS Service Payment - From Account Screen","index":"[omsmedb-1078]-ios-service-payment---from-account-screen;ac5---search-action","scenarioName":"AC5 - Search Action","status":"passed"},
{"date":"2022-03-29T18:50:35.721Z","featureName":"[OMSMEDB-1079] iOS Service Payment - Execution Details","index":"[omsmedb-1079]-ios-service-payment---execution-details;ac1---page-content-validations","scenarioName":"AC1 - Page Content Validations","status":"passed"},
{"date":"2022-03-29T18:51:54.096Z","featureName":"[OMSMEDB-1082] iOS Service Payment - Payment Details","index":"[omsmedb-1082]-ios-service-payment---payment-details;ac1---page-content-validations","scenarioName":"AC1 - Page Content Validations","status":"passed"},
{"date":"2022-03-29T18:53:21.438Z","featureName":"[OMSMEDB-1446] iOS Service Payment - Service provider name","index":"[omsmedb-1446]-ios-service-payment---service-provider-name;ac1---entity---service-provider-name-retrieved-from-cgd","scenarioName":"AC1 - Entity - Service provider name retrieved from CGD","status":"passed"},
{"date":"2022-03-29T18:54:55.043Z","featureName":"[OMSMEDB-1446] iOS Service Payment - Service provider name","index":"[omsmedb-1446]-ios-service-payment---service-provider-name;ac2---entity---service-provider-name-not-retrieved-from-cgd","scenarioName":"AC2 - Entity - Service provider name not retrieved from CGD","status":"passed"},
{"date":"2022-03-29T18:57:29.663Z","featureName":"[OMSMEDB-42] iOS Social Security Payment - From Account screen","index":"[omsmedb-42]-ios-social-security-payment---from-account-screen;ac1---from-accounts-list","scenarioName":"AC1 - From Accounts List","status":"passed"},
{"date":"2022-03-29T18:58:42.966Z","featureName":"[OMSMEDB-42] iOS Social Security Payment - From Account screen","index":"[omsmedb-42]-ios-social-security-payment---from-account-screen;ac3---discard-action---confirm","scenarioName":"AC3 - Discard Action - Confirm","status":"passed"},
{"date":"2022-03-29T19:00:05.025Z","featureName":"[OMSMEDB-42] iOS Social Security Payment - From Account screen","index":"[omsmedb-42]-ios-social-security-payment---from-account-screen;ac4---discard-action---cancel","scenarioName":"AC4 - Discard Action - Cancel","status":"passed"},
{"date":"2022-03-29T19:01:26.615Z","featureName":"[OMSMEDB-42] iOS Social Security Payment - From Account screen","index":"[omsmedb-42]-ios-social-security-payment---from-account-screen;ac5---search-action","scenarioName":"AC5 - Search Action","status":"passed"},
{"date":"2022-03-29T19:02:54.865Z","featureName":"[OMSMEDB-44] - iOS Social Security Payment - Payment Details","index":"[omsmedb-44]---ios-social-security-payment---payment-details;ac1---page-content-validations","scenarioName":"AC1 - Page Content Validations","status":"passed"},
{"date":"2022-03-29T19:04:33.992Z","featureName":"[OMSMEDB-45] iOS Social Security Payment - Review Payment Screen","index":"[omsmedb-45]-ios-social-security-payment---review-payment-screen;ac1---page-content-validations-and-payment-cancellation","scenarioName":"AC1 - Page Content Validations and Payment Cancellation","status":"passed"},
{"date":"2022-03-29T19:06:37.620Z","featureName":"[OMSMEDB-45] iOS Social Security Payment - Review Payment Screen","index":"[omsmedb-45]-ios-social-security-payment---review-payment-screen;ac2---page-content-validations-and-return-back","scenarioName":"AC2 - Page Content Validations and Return Back","status":"passed"},
{"date":"2022-03-29T19:08:51.324Z","featureName":"[OMSMEDB-280] - iOS Social Security Payments - Payment Execution Details","index":"[omsmedb-280]---ios-social-security-payments---payment-execution-details;ac1---page-content-validations","scenarioName":"AC1 - Page Content Validations","status":"passed"},
{"date":"2022-03-29T19:10:35.305Z","featureName":"[OMSMEDB-823] - iOS Social Security Payments - List Search","index":"[omsmedb-823]---ios-social-security-payments---list-search;ac1---search-icon","scenarioName":"AC1 - Search icon","status":"passed"},
{"date":"2022-03-29T19:11:58.906Z","featureName":"[OMSMEDB-1181] iOs State Payment - Payment Details","index":"[omsmedb-1181]-ios-state-payment---payment-details;ac1---page-content-validations","scenarioName":"AC1 - Page Content Validations","status":"passed"},
{"date":"2022-03-29T19:13:15.171Z","featureName":"[OMSMEDB-1182] iOS State Payment - From Account screen","index":"[omsmedb-1182]-ios-state-payment---from-account-screen;ac1---from-accounts-list","scenarioName":"AC1 - From Accounts List","status":"passed"},
{"date":"2022-03-29T19:14:32.247Z","featureName":"[OMSMEDB-1182] iOS State Payment - From Account screen","index":"[omsmedb-1182]-ios-state-payment---from-account-screen;ac2---discard-action---confirm","scenarioName":"AC2 - Discard Action - Confirm","status":"passed"},
{"date":"2022-03-29T19:15:56.599Z","featureName":"[OMSMEDB-1182] iOS State Payment - From Account screen","index":"[omsmedb-1182]-ios-state-payment---from-account-screen;ac3---discard-action---cancel","scenarioName":"AC3 - Discard Action - Cancel","status":"passed"},
{"date":"2022-03-29T19:17:19.691Z","featureName":"[OMSMEDB-1182] iOS State Payment - From Account screen","index":"[omsmedb-1182]-ios-state-payment---from-account-screen;ac4---search-action","scenarioName":"AC4 - Search Action","status":"passed"},
{"date":"2022-03-29T19:18:50.881Z","featureName":"[OMSMEDB-1183] iOS - State Payment - Execution  Details","index":"[omsmedb-1183]-ios---state-payment---execution--details;ac1---page-content-validations","scenarioName":"AC1 - Page Content Validations","status":"passed"},
{"date":"2022-03-29T19:20:21.892Z","featureName":"[OMSMEDB-1184] iOS State Payment - Review Screen","index":"[omsmedb-1184]-ios-state-payment---review-screen;ac1---page-content-validations","scenarioName":"AC1 - Page Content Validations","status":"passed"},
{"date":"2022-03-29T19:21:55.774Z","featureName":"[OMSMEDB-1184] iOS State Payment - Review Screen","index":"[omsmedb-1184]-ios-state-payment---review-screen;ac2---authentication-required---cancel-action","scenarioName":"AC2 - Authentication required - Cancel action","status":"passed"},
{"date":"2022-03-29T19:23:31.779Z","featureName":"[OMSMEDB-1184] iOS State Payment - Review Screen","index":"[omsmedb-1184]-ios-state-payment---review-screen;ac3---authentication-required---failed-validation","scenarioName":"AC3 - Authentication required - failed validation","status":"passed"},
{"date":"2022-03-29T19:25:06.769Z","featureName":"[OMSMEDB-1184] iOS State Payment - Review Screen","index":"[omsmedb-1184]-ios-state-payment---review-screen;ac4---authentication-required---failed-attempts","scenarioName":"AC4 - Authentication required - failed attempts","status":"failed"},
{"date":"2022-03-29T19:26:45.421Z","featureName":"[OMSMEDB-1186] iOS State Payment - Confirmation\\Failure Screen","index":"[omsmedb-1186]-ios-state-payment---confirmation\\failure-screen;ac1---confirmation-screen","scenarioName":"AC1 - Confirmation Screen","status":"passed"},
{"date":"2022-03-29T19:29:20.107Z","featureName":"[OMSMEDB-1372] iOS State Payment \u2013 Executed Payment Details screen","index":"[omsmedb-1372]-ios-state-payment-\u2013-executed-payment-details-screen;ac1---one-off-payments-list","scenarioName":"AC1 - One-off payments list","status":"failed"},
{"date":"2022-03-29T19:32:14.515Z","featureName":"[OMSMEDB-1677] iOs State Payment - Payment Details Retrieve Tax Type","index":"[omsmedb-1677]-ios-state-payment---payment-details-retrieve-tax-type;ac1---payment-reference---tax-type-retrieved-from-cgd","scenarioName":"AC1 - Payment reference - Tax type retrieved from CGD","status":"passed"},
{"date":"2022-03-29T19:33:41.378Z","featureName":"[OMSMEDB-1677] iOs State Payment - Payment Details Retrieve Tax Type","index":"[omsmedb-1677]-ios-state-payment---payment-details-retrieve-tax-type;ac2---payment-reference---tax-type-not-retrieved-from-cgd","scenarioName":"AC2 - Payment reference - Tax type not retrieved from CGD","status":"passed"},
{"date":"2022-03-29T19:36:01.697Z","featureName":"[OMSMEDB-16] iOS Transaction List Screen","index":"[omsmedb-16]-ios-transaction-list-screen;ac1---page-content","scenarioName":"AC1 - Page Content","status":"passed"},
{"date":"2022-03-29T19:38:00.223Z","featureName":"[OMSMEDB-80] iOS Transfers - One-off Transfer Details screen","index":"[omsmedb-80]-ios-transfers---one-off-transfer-details-screen;ac1---page-content---one-off","scenarioName":"AC1 - Page Content - One-off","status":"passed"},
{"date":"2022-03-29T19:39:43.607Z","featureName":"[OMSMEDB-80] iOS Transfers - One-off Transfer Details screen","index":"[omsmedb-80]-ios-transfers---one-off-transfer-details-screen;ac2---page-content---standing-orders","scenarioName":"AC2 - Page Content - Standing Orders","status":"passed"},
{"date":"2022-03-29T19:41:52.046Z","featureName":"[OMSMEDB-81] iOS Standing orders - Details screen","index":"[omsmedb-81]-ios-standing-orders---details-screen;ac1---page-content","scenarioName":"AC1 - Page Content","status":"passed"},
{"date":"2022-03-29T19:44:02.263Z","featureName":"[OMSMEDB-31] iOS Domestic Transfer - Select New Transfer","index":"[omsmedb-31]-ios-domestic-transfer---select-new-transfer;ac1---new-transfer","scenarioName":"AC1 - New Transfer","status":"passed"},
{"date":"2022-03-29T19:45:20.146Z","featureName":"[OMSMEDB-32] iOS Domestic Transfer - From Account screen","index":"[omsmedb-32]-ios-domestic-transfer---from-account-screen;ac1---from-accounts-list","scenarioName":"AC1 - From Accounts List","status":"passed"},
{"date":"2022-03-29T19:46:35.822Z","featureName":"[OMSMEDB-32] iOS Domestic Transfer - From Account screen","index":"[omsmedb-32]-ios-domestic-transfer---from-account-screen;ac3---discard-action","scenarioName":"AC3 - Discard Action","status":"passed"},
{"date":"2022-03-29T19:48:00.643Z","featureName":"[OMSMEDB-32] iOS Domestic Transfer - From Account screen","index":"[omsmedb-32]-ios-domestic-transfer---from-account-screen;ac4---search-action","scenarioName":"AC4 - Search Action","status":"passed"},
{"date":"2022-03-29T19:49:26.961Z","featureName":"[OMSMEDB-32] iOS Domestic Transfer - From Account screen","index":"[omsmedb-32]-ios-domestic-transfer---from-account-screen;ac5---search---no-results-found","scenarioName":"AC5 - Search - No Results Found","status":"passed"},
{"date":"2022-03-29T19:50:48.290Z","featureName":"[OMSMEDB-33] iOS Domestic Transfer - Confirmation\\Failure Payment Screen","index":"[omsmedb-33]-ios-domestic-transfer---confirmation\\failure-payment-screen;ac1---confirmation-screen","scenarioName":"AC1 - Confirmation Screen","status":"passed"},
{"date":"2022-03-29T19:54:03.153Z","featureName":"[OMSMEDB-35] iOS Domestic Transfer - Payment Details","index":"[omsmedb-35]-ios-domestic-transfer---payment-details;ac1---page-content-validations","scenarioName":"AC1 - Page Content Validations","status":"passed"},
{"date":"2022-03-29T19:55:19.566Z","featureName":"[OMSMEDB-147] iOS Domestic Transfer - Execution Details","index":"[omsmedb-147]-ios-domestic-transfer---execution-details;ac1---page-content-validations","scenarioName":"AC1 - Page Content Validations","status":"passed"},
{"date":"2022-03-29T19:56:41.437Z","featureName":"[OMSMEDB-150] iOS International Transfer - From Account screen","index":"[omsmedb-150]-ios-international-transfer---from-account-screen;ac1---discard-action\\confirm-action","scenarioName":"AC1 - Discard Action\\Confirm Action","status":"passed"},
{"date":"2022-03-29T19:58:05.301Z","featureName":"[OMSMEDB-150] iOS International Transfer - From Account screen","index":"[omsmedb-150]-ios-international-transfer---from-account-screen;ac2---discard-action\\does-not-confirm-action","scenarioName":"AC2 - Discard Action\\Does not Confirm Action","status":"passed"},
{"date":"2022-03-29T19:59:24.485Z","featureName":"[OMSMEDB-150] iOS International Transfer - From Account screen","index":"[omsmedb-150]-ios-international-transfer---from-account-screen;ac3---search-action","scenarioName":"AC3 - Search Action","status":"passed"},
{"date":"2022-03-29T20:00:52.774Z","featureName":"[OMSMEDB-150] iOS International Transfer - From Account screen","index":"[omsmedb-150]-ios-international-transfer---from-account-screen;ac4---search---no-results-found","scenarioName":"AC4 - Search - No Results Found","status":"passed"},
{"date":"2022-03-29T20:02:19.905Z","featureName":"[OMSMEDB-151] iOS International Transfer - Select Beneficiary screen","index":"[omsmedb-151]-ios-international-transfer---select-beneficiary-screen;ac1---beneficiaries-list","scenarioName":"AC1 - Beneficiaries List","status":"passed"},
{"date":"2022-03-29T20:03:32.748Z","featureName":"[OMSMEDB-151] iOS International Transfer - Select Beneficiary screen","index":"[omsmedb-151]-ios-international-transfer---select-beneficiary-screen;ac2---discard-action","scenarioName":"AC2 - Discard Action","status":"passed"},
{"date":"2022-03-29T20:05:01.153Z","featureName":"[OMSMEDB-151] iOS International Transfer - Select Beneficiary screen","index":"[omsmedb-151]-ios-international-transfer---select-beneficiary-screen;ac3---search-action","scenarioName":"AC3 - Search Action","status":"passed"},
{"date":"2022-03-29T20:06:33.144Z","featureName":"[OMSMEDB-151] iOS International Transfer - Select Beneficiary screen","index":"[omsmedb-151]-ios-international-transfer---select-beneficiary-screen;ac4---search---no-results-found","scenarioName":"AC4 - Search - No Results Found","status":"passed"},
{"date":"2022-03-29T20:08:03.102Z","featureName":"[OMSMEDB-152] iOS International Transfer - Pay to other Beneficiary","index":"[omsmedb-152]-ios-international-transfer---pay-to-other-beneficiary;ac1---page-content-and-fields-validation","scenarioName":"AC1 - Page Content and Fields Validation","status":"passed"},
{"date":"2022-03-29T20:10:09.313Z","featureName":"[OMSMEDB-153] iOS International Transfer - Add Beneficiary to the list","index":"[omsmedb-153]-ios-international-transfer---add-beneficiary-to-the-list;ac1---pay-new-beneficiary-and-do-not-add-it-to-the-list","scenarioName":"AC1 - Pay new Beneficiary and do not add it to the list","status":"passed"},
{"date":"2022-03-29T20:11:46.417Z","featureName":"[OMSMEDB-154] iOS International Transfer - Payment Details","index":"[omsmedb-154]-ios-international-transfer---payment-details;ac1---page-content-validations","scenarioName":"AC1 - Page Content Validations","status":"passed"},
{"date":"2022-03-29T20:13:07.141Z","featureName":"[OMSMEDB-155] iOS International Transfer - Payment Execution Details","index":"[omsmedb-155]-ios-international-transfer---payment-execution-details;ac1---page-content-validations","scenarioName":"AC1 - Page Content Validations","status":"passed"},
{"date":"2022-03-29T20:14:31.201Z","featureName":"[OMSMEDB-159] iOS International Transfer - Confirmation-Failure Payment Screen","index":"[omsmedb-159]-ios-international-transfer---confirmation-failure-payment-screen;ac1---confirmation-screen","scenarioName":"AC1 - Confirmation Screen","status":"passed"},
{"date":"2022-03-29T20:18:21.286Z","featureName":"[OMSMEDB-25] iOS Intra Company Transfer - Select New Payment","index":"[omsmedb-25]-ios-intra-company-transfer---select-new-payment;ac1---new-transfer","scenarioName":"AC1 - New Transfer","status":"passed"},
{"date":"2022-03-29T20:19:37.741Z","featureName":"[OMSMEDB-26] iOS Intra Company Transfer - From Account screen","index":"[omsmedb-26]-ios-intra-company-transfer---from-account-screen;ac2---discard-action---confirm","scenarioName":"AC2 - Discard Action - Confirm","status":"passed"},
{"date":"2022-03-29T20:21:03.614Z","featureName":"[OMSMEDB-26] iOS Intra Company Transfer - From Account screen","index":"[omsmedb-26]-ios-intra-company-transfer---from-account-screen;ac3---discard-action---doesn-t-confirm","scenarioName":"AC3 - Discard Action - Doesn't Confirm","status":"passed"},
{"date":"2022-03-29T20:22:25.328Z","featureName":"[OMSMEDB-26] iOS Intra Company Transfer - From Account screen","index":"[omsmedb-26]-ios-intra-company-transfer---from-account-screen;ac4---search-action","scenarioName":"AC4 - Search Action","status":"passed"},
{"date":"2022-03-29T20:24:00.844Z","featureName":"[OMSMEDB-26] iOS Intra Company Transfer - From Account screen","index":"[omsmedb-26]-ios-intra-company-transfer---from-account-screen;ac5---search---no-results-found","scenarioName":"AC5 - Search - No Results Found","status":"passed"},
{"date":"2022-03-29T20:25:30.255Z","featureName":"[OMSMEDB-27] iOS Intra Company Transfer - To Account screen","index":"[omsmedb-27]-ios-intra-company-transfer---to-account-screen;ac1---to-accounts-list","scenarioName":"AC1 - To Accounts List","status":"passed"},
{"date":"2022-03-29T20:26:49.315Z","featureName":"[OMSMEDB-27] iOS Intra Company Transfer - To Account screen","index":"[omsmedb-27]-ios-intra-company-transfer---to-account-screen;ac3---discard-action---confirm","scenarioName":"AC3 - Discard Action - Confirm","status":"passed"},
{"date":"2022-03-29T20:28:17.677Z","featureName":"[OMSMEDB-27] iOS Intra Company Transfer - To Account screen","index":"[omsmedb-27]-ios-intra-company-transfer---to-account-screen;ac4---discard-action---doesn-t-confirm","scenarioName":"AC4 - Discard Action - Doesn't Confirm","status":"passed"},
{"date":"2022-03-29T20:29:40.254Z","featureName":"[OMSMEDB-27] iOS Intra Company Transfer - To Account screen","index":"[omsmedb-27]-ios-intra-company-transfer---to-account-screen;ac5---search-action","scenarioName":"AC5 - Search Action","status":"passed"}]
